#
# There is insufficient memory for the Java Runtime Environment to continue.
# Native memory allocation (mmap) failed to map 2764046336 bytes for G1 virtual space
# Possible reasons:
#   The system is out of physical RAM or swap space
#   The process is running with CompressedOops enabled, and the Java Heap may be blocking the growth of the native heap
# Possible solutions:
#   Reduce memory load on the system
#   Increase physical memory or swap space
#   Check if swap backing store is full
#   Decrease Java heap size (-Xmx/-Xms)
#   Decrease number of Java threads
#   Decrease Java thread stack sizes (-Xss)
#   Set larger code cache with -XX:ReservedCodeCacheSize=
#   JVM is running with Zero Based Compressed Oops mode in which the Java heap is
#     placed in the first 32GB address space. The Java Heap base address is the
#     maximum limit for the native heap growth. Please use -XX:HeapBaseMinAddress
#     to set the Java Heap base and to place the Java Heap above 32GB virtual address.
# This output file may be truncated or incomplete.
#
#  Out of Memory Error (os_windows.cpp:3548), pid=35908, tid=6504
#
# JRE version: Java(TM) SE Runtime Environment (17.0.12+8) (build 17.0.12+8-LTS-286)
# Java VM: Java HotSpot(TM) 64-Bit Server VM (17.0.12+8-LTS-286, mixed mode, sharing, tiered, compressed oops, compressed class ptrs, g1 gc, windows-amd64)
# No core dump will be written. Minidumps are not enabled by default on client versions of Windows
#

---------------  S U M M A R Y ------------

Command Line: -XX:+ShowCodeDetailsInExceptionMessages CookieMonsterTester

Host: Intel(R) Core(TM) Ultra 7 155H, 22 cores, 31G,  Windows 11 , 64 bit Build 26100 (10.0.26100.7309)
Time: Thu Jan 29 11:06:48 2026 Pacific Standard Time elapsed time: 2.703849 seconds (0d 0h 0m 2s)

---------------  T H R E A D  ---------------

Current thread (0x0000012f4b7f6290):  VMThread "VM Thread" [stack: 0x0000000b94f00000,0x0000000b95000000] [id=6504]

Stack: [0x0000000b94f00000,0x0000000b95000000]
Native frames: (J=compiled Java code, j=interpreted, Vv=VM code, C=native code)
V  [jvm.dll+0x67a04a]
V  [jvm.dll+0x7da4ed]
V  [jvm.dll+0x7dbe33]
V  [jvm.dll+0x7dc4a3]
V  [jvm.dll+0x24508f]
V  [jvm.dll+0x677089]
V  [jvm.dll+0x66bd32]
V  [jvm.dll+0x301fa6]
V  [jvm.dll+0x309546]
V  [jvm.dll+0x359d2e]
V  [jvm.dll+0x359f5f]
V  [jvm.dll+0x2d9078]
V  [jvm.dll+0x2d74ad]
V  [jvm.dll+0x2d6afc]
V  [jvm.dll+0x31a65b]
V  [jvm.dll+0x7e0d9b]
V  [jvm.dll+0x7e1ad4]
V  [jvm.dll+0x7e1fed]
V  [jvm.dll+0x7e23c4]
V  [jvm.dll+0x7e2490]
V  [jvm.dll+0x78abea]
V  [jvm.dll+0x678f35]
C  [ucrtbase.dll+0x37b0]
C  [KERNEL32.DLL+0x2e8d7]
C  [ntdll.dll+0x8c53c]

VM_Operation (0x0000000b949ff450): G1CollectForAllocation, mode: safepoint, requested by thread 0x0000012f1f053200


---------------  P R O C E S S  ---------------

Threads class SMR info:
_java_thread_list=0x0000012f4c8cb6e0, length=16, elements={
0x0000012f1f053200, 0x0000012f4b7fb4e0, 0x0000012f4b7fc0a0, 0x0000012f4b817300,
0x0000012f4b817cc0, 0x0000012f4b818680, 0x0000012f4b819040, 0x0000012f4b819de0,
0x0000012f4b81a890, 0x0000012f4b81c950, 0x0000012f4c7505a0, 0x0000012f4c770720,
0x0000012f4c75ffe0, 0x0000012f4c7d4b70, 0x0000012f4c8af2f0, 0x0000012f4c8cde90
}

Java Threads: ( => current thread )
  0x0000012f1f053200 JavaThread "main" [_thread_blocked, id=25360, stack(0x0000000b94900000,0x0000000b94a00000)]
  0x0000012f4b7fb4e0 JavaThread "Reference Handler" daemon [_thread_blocked, id=33164, stack(0x0000000b95000000,0x0000000b95100000)]
  0x0000012f4b7fc0a0 JavaThread "Finalizer" daemon [_thread_blocked, id=38852, stack(0x0000000b95100000,0x0000000b95200000)]
  0x0000012f4b817300 JavaThread "Signal Dispatcher" daemon [_thread_blocked, id=8920, stack(0x0000000b95200000,0x0000000b95300000)]
  0x0000012f4b817cc0 JavaThread "Attach Listener" daemon [_thread_blocked, id=3208, stack(0x0000000b95300000,0x0000000b95400000)]
  0x0000012f4b818680 JavaThread "Service Thread" daemon [_thread_blocked, id=1096, stack(0x0000000b95400000,0x0000000b95500000)]
  0x0000012f4b819040 JavaThread "Monitor Deflation Thread" daemon [_thread_blocked, id=30500, stack(0x0000000b95500000,0x0000000b95600000)]
  0x0000012f4b819de0 JavaThread "C2 CompilerThread0" daemon [_thread_blocked, id=35000, stack(0x0000000b95600000,0x0000000b95700000)]
  0x0000012f4b81a890 JavaThread "C1 CompilerThread0" daemon [_thread_blocked, id=34892, stack(0x0000000b95700000,0x0000000b95800000)]
  0x0000012f4b81c950 JavaThread "Sweeper thread" daemon [_thread_blocked, id=39372, stack(0x0000000b95800000,0x0000000b95900000)]
  0x0000012f4c7505a0 JavaThread "C1 CompilerThread1" daemon [_thread_blocked, id=32264, stack(0x0000000b95900000,0x0000000b95a00000)]
  0x0000012f4c770720 JavaThread "C1 CompilerThread2" daemon [_thread_blocked, id=29084, stack(0x0000000b95a00000,0x0000000b95b00000)]
  0x0000012f4c75ffe0 JavaThread "C1 CompilerThread3" daemon [_thread_blocked, id=23656, stack(0x0000000b95b00000,0x0000000b95c00000)]
  0x0000012f4c7d4b70 JavaThread "Notification Thread" daemon [_thread_blocked, id=17124, stack(0x0000000b95c00000,0x0000000b95d00000)]
  0x0000012f4c8af2f0 JavaThread "Common-Cleaner" daemon [_thread_blocked, id=29076, stack(0x0000000b95e00000,0x0000000b95f00000)]
  0x0000012f4c8cde90 JavaThread "C2 CompilerThread1" daemon [_thread_blocked, id=17100, stack(0x0000000b95f00000,0x0000000b96000000)]

Other Threads:
=>0x0000012f4b7f6290 VMThread "VM Thread" [stack: 0x0000000b94f00000,0x0000000b95000000] [id=6504]
  0x0000012f4c80f4a0 WatcherThread [stack: 0x0000000b95d00000,0x0000000b95e00000] [id=24312]
  0x0000012f1f100c90 GCTaskThread "GC Thread#0" [stack: 0x0000000b94a00000,0x0000000b94b00000] [id=32616]
  0x0000012f4c8f0970 GCTaskThread "GC Thread#1" [stack: 0x0000000b96000000,0x0000000b96100000] [id=4592]
  0x0000012f4c8f0c30 GCTaskThread "GC Thread#2" [stack: 0x0000000b96100000,0x0000000b96200000] [id=38656]
  0x0000012f4c8f0ef0 GCTaskThread "GC Thread#3" [stack: 0x0000000b96200000,0x0000000b96300000] [id=23116]
  0x0000012f4c8f11b0 GCTaskThread "GC Thread#4" [stack: 0x0000000b96300000,0x0000000b96400000] [id=13388]
  0x0000012f4c8f1470 GCTaskThread "GC Thread#5" [stack: 0x0000000b96400000,0x0000000b96500000] [id=37096]
  0x0000012f4c9427f0 GCTaskThread "GC Thread#6" [stack: 0x0000000b96500000,0x0000000b96600000] [id=25460]
  0x0000012f4c946ac0 GCTaskThread "GC Thread#7" [stack: 0x0000000b96600000,0x0000000b96700000] [id=24640]
  0x0000012f4c947190 GCTaskThread "GC Thread#8" [stack: 0x0000000b96700000,0x0000000b96800000] [id=36928]
  0x0000012f4c949290 GCTaskThread "GC Thread#9" [stack: 0x0000000b96800000,0x0000000b96900000] [id=32976]
  0x0000012f4c949550 GCTaskThread "GC Thread#10" [stack: 0x0000000b96900000,0x0000000b96a00000] [id=23952]
  0x0000012f4c949810 GCTaskThread "GC Thread#11" [stack: 0x0000000b96a00000,0x0000000b96b00000] [id=13036]
  0x0000012f4c9ee660 GCTaskThread "GC Thread#12" [stack: 0x0000000b97500000,0x0000000b97600000] [id=39840]
  0x0000012f4c9ee920 GCTaskThread "GC Thread#13" [stack: 0x0000000b97600000,0x0000000b97700000] [id=35968]
  0x0000012f4c9eebe0 GCTaskThread "GC Thread#14" [stack: 0x0000000b97700000,0x0000000b97800000] [id=15704]
  0x0000012f92105070 GCTaskThread "GC Thread#15" [stack: 0x0000000b97800000,0x0000000b97900000] [id=39364]
  0x0000012f1f111960 ConcurrentGCThread "G1 Main Marker" [stack: 0x0000000b94b00000,0x0000000b94c00000] [id=26892]
  0x0000012f1f112370 ConcurrentGCThread "G1 Conc#0" [stack: 0x0000000b94c00000,0x0000000b94d00000] [id=38224]
  0x0000012f4b732ef0 ConcurrentGCThread "G1 Refine#0" [stack: 0x0000000b94d00000,0x0000000b94e00000] [id=21480]
  0x0000012f4c951a90 ConcurrentGCThread "G1 Refine#1" [stack: 0x0000000b96b00000,0x0000000b96c00000] [id=37124]
  0x0000012f4c94dae0 ConcurrentGCThread "G1 Refine#2" [stack: 0x0000000b96c00000,0x0000000b96d00000] [id=33312]
  0x0000012f4c94ea00 ConcurrentGCThread "G1 Refine#3" [stack: 0x0000000b96d00000,0x0000000b96e00000] [id=28412]
  0x0000012f4c94f100 ConcurrentGCThread "G1 Refine#4" [stack: 0x0000000b96e00000,0x0000000b96f00000] [id=17584]
  0x0000012f4c94b730 ConcurrentGCThread "G1 Refine#5" [stack: 0x0000000b96f00000,0x0000000b97000000] [id=23744]
  0x0000012f4c996980 ConcurrentGCThread "G1 Refine#6" [stack: 0x0000000b97000000,0x0000000b97100000] [id=36040]
  0x0000012f4c997280 ConcurrentGCThread "G1 Refine#7" [stack: 0x0000000b97100000,0x0000000b97200000] [id=9592]
  0x0000012f4c9732b0 ConcurrentGCThread "G1 Refine#8" [stack: 0x0000000b97200000,0x0000000b97300000] [id=35040]
  0x0000012f4c96fbf0 ConcurrentGCThread "G1 Refine#9" [stack: 0x0000000b97300000,0x0000000b97400000] [id=6448]
  0x0000012f4c97ca90 ConcurrentGCThread "G1 Refine#10" [stack: 0x0000000b97400000,0x0000000b97500000] [id=21392]
  0x0000012f4b7337c0 ConcurrentGCThread "G1 Service" [stack: 0x0000000b94e00000,0x0000000b94f00000] [id=29016]

Threads with active compile tasks:

VM state: at safepoint (normal execution)

VM Mutex/Monitor currently owned by a thread:  ([mutex/lock_event])
[0x0000012f1cd0ac70] Threads_lock - owner thread: 0x0000012f4b7f6290
[0x0000012f1f0517d0] Heap_lock - owner thread: 0x0000012f1f053200

Heap address: 0x0000000605000000, size: 8112 MB, Compressed Oops mode: Zero based, Oop shift amount: 3

CDS archive(s) mapped at: [0x0000012f4d000000-0x0000012f4dbd0000-0x0000012f4dbd0000), size 12386304, SharedBaseAddress: 0x0000012f4d000000, ArchiveRelocationMode: 1.
Compressed class space mapped at: 0x0000012f4e000000-0x0000012f8e000000, reserved size: 1073741824
Narrow klass base: 0x0000012f4d000000, Narrow klass shift: 0, Narrow klass range: 0x100000000

GC Precious Log:
 CPUs: 22 total, 22 available
 Memory: 32432M
 Large Page Support: Disabled
 NUMA Support: Disabled
 Compressed Oops: Enabled (Zero based)
 Heap Region Size: 4M
 Heap Min Capacity: 8M
 Heap Initial Capacity: 508M
 Heap Max Capacity: 8112M
 Pre-touch: Disabled
 Parallel Workers: 16
 Concurrent Workers: 4
 Concurrent Refinement Workers: 16
 Periodic GC: Disabled

Heap:
 garbage-first heap   total 1560576K, used 669270K [0x0000000605000000, 0x0000000800000000)
  region size 4096K, 3 young (12288K), 3 survivors (12288K)
 Metaspace       used 576K, committed 768K, reserved 1114112K
  class space    used 43K, committed 128K, reserved 1048576K

Heap Regions: E=young(eden), S=young(survivor), O=old, HS=humongous(starts), HC=humongous(continues), CS=collection set, F=free, OA=open archive, CA=closed archive, TAMS=top-at-mark-start (previous, next)
|   0|0x0000000605000000, 0x0000000605400000, 0x0000000605400000|100%|HS|  |TAMS 0x0000000605000000, 0x0000000605000000| Complete 
|   1|0x0000000605400000, 0x0000000605800000, 0x0000000605800000|100%|HS|  |TAMS 0x0000000605400000, 0x0000000605400000| Complete 
|   2|0x0000000605800000, 0x0000000605c00000, 0x0000000605c00000|100%| O|  |TAMS 0x0000000605800000, 0x0000000605800000| Untracked 
|   3|0x0000000605c00000, 0x0000000606000000, 0x0000000606000000|100%| O|  |TAMS 0x0000000605c00000, 0x0000000605c00000| Untracked 
|   4|0x0000000606000000, 0x0000000606400000, 0x0000000606400000|100%| O|  |TAMS 0x0000000606000000, 0x0000000606000000| Untracked 
|   5|0x0000000606400000, 0x0000000606800000, 0x0000000606800000|100%| O|  |TAMS 0x0000000606400000, 0x0000000606400000| Untracked 
|   6|0x0000000606800000, 0x0000000606c00000, 0x0000000606c00000|100%|HS|  |TAMS 0x0000000606800000, 0x0000000606800000| Complete 
|   7|0x0000000606c00000, 0x0000000607000000, 0x0000000607000000|100%|HC|  |TAMS 0x0000000606c00000, 0x0000000606c00000| Complete 
|   8|0x0000000607000000, 0x0000000607400000, 0x0000000607400000|100%|HS|  |TAMS 0x0000000607000000, 0x0000000607000000| Complete 
|   9|0x0000000607400000, 0x0000000607800000, 0x0000000607800000|100%|HC|  |TAMS 0x0000000607400000, 0x0000000607400000| Complete 
|  10|0x0000000607800000, 0x0000000607c00000, 0x0000000607c00000|100%| O|  |TAMS 0x0000000607800000, 0x0000000607800000| Untracked 
|  11|0x0000000607c00000, 0x0000000608000000, 0x0000000608000000|100%| O|  |TAMS 0x0000000607c00000, 0x0000000607c00000| Untracked 
|  12|0x0000000608000000, 0x0000000608400000, 0x0000000608400000|100%| O|  |TAMS 0x0000000608000000, 0x0000000608000000| Untracked 
|  13|0x0000000608400000, 0x0000000608800000, 0x0000000608800000|100%| O|  |TAMS 0x0000000608400000, 0x0000000608400000| Untracked 
|  14|0x0000000608800000, 0x0000000608c00000, 0x0000000608c00000|100%| O|  |TAMS 0x0000000608800000, 0x0000000608800000| Untracked 
|  15|0x0000000608c00000, 0x0000000609000000, 0x0000000609000000|100%|HS|  |TAMS 0x0000000608c00000, 0x0000000608c00000| Complete 
|  16|0x0000000609000000, 0x0000000609400000, 0x0000000609400000|100%|HC|  |TAMS 0x0000000609000000, 0x0000000609000000| Complete 
|  17|0x0000000609400000, 0x0000000609800000, 0x0000000609800000|100%|HC|  |TAMS 0x0000000609400000, 0x0000000609400000| Complete 
|  18|0x0000000609800000, 0x0000000609c00000, 0x0000000609c00000|100%| O|  |TAMS 0x0000000609800000, 0x0000000609800000| Untracked 
|  19|0x0000000609c00000, 0x000000060a000000, 0x000000060a000000|100%| O|  |TAMS 0x0000000609c00000, 0x0000000609c00000| Untracked 
|  20|0x000000060a000000, 0x000000060a400000, 0x000000060a400000|100%| O|  |TAMS 0x000000060a000000, 0x000000060a000000| Untracked 
|  21|0x000000060a400000, 0x000000060a800000, 0x000000060a800000|100%| O|  |TAMS 0x000000060a400000, 0x000000060a400000| Untracked 
|  22|0x000000060a800000, 0x000000060ac00000, 0x000000060ac00000|100%| O|  |TAMS 0x000000060a800000, 0x000000060a800000| Untracked 
|  23|0x000000060ac00000, 0x000000060b000000, 0x000000060b000000|100%| O|  |TAMS 0x000000060ac00000, 0x000000060ac00000| Untracked 
|  24|0x000000060b000000, 0x000000060b400000, 0x000000060b400000|100%|HS|  |TAMS 0x000000060b000000, 0x000000060b000000| Complete 
|  25|0x000000060b400000, 0x000000060b800000, 0x000000060b800000|100%|HC|  |TAMS 0x000000060b400000, 0x000000060b400000| Complete 
|  26|0x000000060b800000, 0x000000060bc00000, 0x000000060bc00000|100%|HC|  |TAMS 0x000000060b800000, 0x000000060b800000| Complete 
|  27|0x000000060bc00000, 0x000000060c000000, 0x000000060c000000|100%|HC|  |TAMS 0x000000060bc00000, 0x000000060bc00000| Complete 
|  28|0x000000060c000000, 0x000000060c400000, 0x000000060c400000|100%| O|  |TAMS 0x000000060c000000, 0x000000060c000000| Untracked 
|  29|0x000000060c400000, 0x000000060c800000, 0x000000060c800000|100%| O|  |TAMS 0x000000060c400000, 0x000000060c400000| Untracked 
|  30|0x000000060c800000, 0x000000060cc00000, 0x000000060cc00000|100%| O|  |TAMS 0x000000060c800000, 0x000000060c800000| Untracked 
|  31|0x000000060cc00000, 0x000000060d000000, 0x000000060d000000|100%| O|  |TAMS 0x000000060cc00000, 0x000000060cc00000| Untracked 
|  32|0x000000060d000000, 0x000000060d400000, 0x000000060d400000|100%| O|  |TAMS 0x000000060d000000, 0x000000060d000000| Untracked 
|  33|0x000000060d400000, 0x000000060d800000, 0x000000060d800000|100%|HS|  |TAMS 0x000000060d400000, 0x000000060d400000| Complete 
|  34|0x000000060d800000, 0x000000060dc00000, 0x000000060dc00000|100%|HC|  |TAMS 0x000000060d800000, 0x000000060d800000| Complete 
|  35|0x000000060dc00000, 0x000000060e000000, 0x000000060e000000|100%|HC|  |TAMS 0x000000060dc00000, 0x000000060dc00000| Complete 
|  36|0x000000060e000000, 0x000000060e400000, 0x000000060e400000|100%|HC|  |TAMS 0x000000060e000000, 0x000000060e000000| Complete 
|  37|0x000000060e400000, 0x000000060e800000, 0x000000060e800000|100%|HC|  |TAMS 0x000000060e400000, 0x000000060e400000| Complete 
|  38|0x000000060e800000, 0x000000060ec00000, 0x000000060ec00000|100%|HC|  |TAMS 0x000000060e800000, 0x000000060e800000| Complete 
|  39|0x000000060ec00000, 0x000000060f000000, 0x000000060f000000|100%| O|  |TAMS 0x000000060ec00000, 0x000000060ec00000| Untracked 
|  40|0x000000060f000000, 0x000000060f400000, 0x000000060f400000|100%| O|  |TAMS 0x000000060f000000, 0x000000060f000000| Untracked 
|  41|0x000000060f400000, 0x000000060f800000, 0x000000060f800000|100%| O|  |TAMS 0x000000060f400000, 0x000000060f400000| Untracked 
|  42|0x000000060f800000, 0x000000060fc00000, 0x000000060fc00000|100%| O|  |TAMS 0x000000060f800000, 0x000000060f800000| Untracked 
|  43|0x000000060fc00000, 0x0000000610000000, 0x0000000610000000|100%| O|  |TAMS 0x000000060fc00000, 0x000000060fc00000| Untracked 
|  44|0x0000000610000000, 0x0000000610400000, 0x0000000610400000|100%| O|  |TAMS 0x0000000610000000, 0x0000000610000000| Untracked 
|  45|0x0000000610400000, 0x0000000610800000, 0x0000000610800000|100%| O|  |TAMS 0x0000000610400000, 0x0000000610400000| Untracked 
|  46|0x0000000610800000, 0x0000000610c00000, 0x0000000610c00000|100%| O|  |TAMS 0x0000000610800000, 0x0000000610800000| Untracked 
|  47|0x0000000610c00000, 0x0000000611000000, 0x0000000611000000|100%|HS|  |TAMS 0x0000000610c00000, 0x0000000610c00000| Complete 
|  48|0x0000000611000000, 0x0000000611400000, 0x0000000611400000|100%|HC|  |TAMS 0x0000000611000000, 0x0000000611000000| Complete 
|  49|0x0000000611400000, 0x0000000611800000, 0x0000000611800000|100%|HC|  |TAMS 0x0000000611400000, 0x0000000611400000| Complete 
|  50|0x0000000611800000, 0x0000000611c00000, 0x0000000611c00000|100%|HC|  |TAMS 0x0000000611800000, 0x0000000611800000| Complete 
|  51|0x0000000611c00000, 0x0000000612000000, 0x0000000612000000|100%|HC|  |TAMS 0x0000000611c00000, 0x0000000611c00000| Complete 
|  52|0x0000000612000000, 0x0000000612400000, 0x0000000612400000|100%|HC|  |TAMS 0x0000000612000000, 0x0000000612000000| Complete 
|  53|0x0000000612400000, 0x0000000612800000, 0x0000000612800000|100%|HC|  |TAMS 0x0000000612400000, 0x0000000612400000| Complete 
|  54|0x0000000612800000, 0x0000000612c00000, 0x0000000612c00000|100%|HC|  |TAMS 0x0000000612800000, 0x0000000612800000| Complete 
|  55|0x0000000612c00000, 0x0000000613000000, 0x0000000613000000|100%|HC|  |TAMS 0x0000000612c00000, 0x0000000612c00000| Complete 
|  56|0x0000000613000000, 0x0000000613400000, 0x0000000613400000|100%| O|  |TAMS 0x0000000613000000, 0x0000000613000000| Untracked 
|  57|0x0000000613400000, 0x0000000613800000, 0x0000000613800000|100%| O|  |TAMS 0x0000000613400000, 0x0000000613400000| Untracked 
|  58|0x0000000613800000, 0x0000000613c00000, 0x0000000613c00000|100%| O|  |TAMS 0x0000000613800000, 0x0000000613800000| Untracked 
|  59|0x0000000613c00000, 0x0000000614000000, 0x0000000614000000|100%| O|  |TAMS 0x0000000613c00000, 0x0000000613c00000| Untracked 
|  60|0x0000000614000000, 0x0000000614400000, 0x0000000614400000|100%| O|  |TAMS 0x0000000614000000, 0x0000000614000000| Untracked 
|  61|0x0000000614400000, 0x0000000614800000, 0x0000000614800000|100%| O|  |TAMS 0x0000000614400000, 0x0000000614400000| Untracked 
|  62|0x0000000614800000, 0x0000000614c00000, 0x0000000614c00000|100%| O|  |TAMS 0x0000000614800000, 0x0000000614800000| Untracked 
|  63|0x0000000614c00000, 0x0000000615000000, 0x0000000615000000|100%| O|  |TAMS 0x0000000614c00000, 0x0000000614c00000| Untracked 
|  64|0x0000000615000000, 0x0000000615400000, 0x0000000615400000|100%| O|  |TAMS 0x0000000615000000, 0x0000000615000000| Untracked 
|  65|0x0000000615400000, 0x0000000615800000, 0x0000000615800000|100%| O|  |TAMS 0x0000000615400000, 0x0000000615400000| Untracked 
|  66|0x0000000615800000, 0x0000000615c00000, 0x0000000615c00000|100%| O|  |TAMS 0x0000000615800000, 0x0000000615800000| Untracked 
|  67|0x0000000615c00000, 0x0000000616000000, 0x0000000616000000|100%| O|  |TAMS 0x0000000615c00000, 0x0000000615c00000| Untracked 
|  68|0x0000000616000000, 0x0000000616400000, 0x0000000616400000|100%| O|  |TAMS 0x0000000616000000, 0x0000000616000000| Untracked 
|  69|0x0000000616400000, 0x0000000616800000, 0x0000000616800000|100%| O|  |TAMS 0x0000000616400000, 0x0000000616400000| Untracked 
|  70|0x0000000616800000, 0x0000000616c00000, 0x0000000616c00000|100%| O|  |TAMS 0x0000000616800000, 0x0000000616800000| Untracked 
|  71|0x0000000616c00000, 0x0000000617000000, 0x0000000617000000|100%| O|  |TAMS 0x0000000616c00000, 0x0000000616c00000| Untracked 
|  72|0x0000000617000000, 0x0000000617400000, 0x0000000617400000|100%| O|  |TAMS 0x0000000617000000, 0x0000000617000000| Untracked 
|  73|0x0000000617400000, 0x0000000617800000, 0x0000000617800000|100%|HS|  |TAMS 0x0000000617400000, 0x0000000617400000| Complete 
|  74|0x0000000617800000, 0x0000000617c00000, 0x0000000617c00000|100%|HC|  |TAMS 0x0000000617800000, 0x0000000617800000| Complete 
|  75|0x0000000617c00000, 0x0000000618000000, 0x0000000618000000|100%|HC|  |TAMS 0x0000000617c00000, 0x0000000617c00000| Complete 
|  76|0x0000000618000000, 0x0000000618400000, 0x0000000618400000|100%|HC|  |TAMS 0x0000000618000000, 0x0000000618000000| Complete 
|  77|0x0000000618400000, 0x0000000618800000, 0x0000000618800000|100%|HC|  |TAMS 0x0000000618400000, 0x0000000618400000| Complete 
|  78|0x0000000618800000, 0x0000000618c00000, 0x0000000618c00000|100%|HC|  |TAMS 0x0000000618800000, 0x0000000618800000| Complete 
|  79|0x0000000618c00000, 0x0000000619000000, 0x0000000619000000|100%|HC|  |TAMS 0x0000000618c00000, 0x0000000618c00000| Complete 
|  80|0x0000000619000000, 0x0000000619400000, 0x0000000619400000|100%|HC|  |TAMS 0x0000000619000000, 0x0000000619000000| Complete 
|  81|0x0000000619400000, 0x0000000619800000, 0x0000000619800000|100%|HC|  |TAMS 0x0000000619400000, 0x0000000619400000| Complete 
|  82|0x0000000619800000, 0x0000000619c00000, 0x0000000619c00000|100%|HC|  |TAMS 0x0000000619800000, 0x0000000619800000| Complete 
|  83|0x0000000619c00000, 0x000000061a000000, 0x000000061a000000|100%|HC|  |TAMS 0x0000000619c00000, 0x0000000619c00000| Complete 
|  84|0x000000061a000000, 0x000000061a400000, 0x000000061a400000|100%|HC|  |TAMS 0x000000061a000000, 0x000000061a000000| Complete 
|  85|0x000000061a400000, 0x000000061a800000, 0x000000061a800000|100%|HC|  |TAMS 0x000000061a400000, 0x000000061a400000| Complete 
|  86|0x000000061a800000, 0x000000061ac00000, 0x000000061ac00000|100%|HC|  |TAMS 0x000000061a800000, 0x000000061a800000| Complete 
|  87|0x000000061ac00000, 0x000000061b000000, 0x000000061b000000|100%| O|  |TAMS 0x000000061ac00000, 0x000000061ac00000| Untracked 
|  88|0x000000061b000000, 0x000000061b400000, 0x000000061b400000|100%| O|  |TAMS 0x000000061b000000, 0x000000061b000000| Untracked 
|  89|0x000000061b400000, 0x000000061b800000, 0x000000061b800000|100%| O|  |TAMS 0x000000061b400000, 0x000000061b400000| Untracked 
|  90|0x000000061b800000, 0x000000061bc00000, 0x000000061bc00000|100%| O|  |TAMS 0x000000061b800000, 0x000000061b800000| Untracked 
|  91|0x000000061bc00000, 0x000000061c000000, 0x000000061c000000|100%| O|  |TAMS 0x000000061bc00000, 0x000000061bc00000| Untracked 
|  92|0x000000061c000000, 0x000000061c400000, 0x000000061c400000|100%| O|  |TAMS 0x000000061c000000, 0x000000061c000000| Untracked 
|  93|0x000000061c400000, 0x000000061c800000, 0x000000061c800000|100%| O|  |TAMS 0x000000061c400000, 0x000000061c400000| Untracked 
|  94|0x000000061c800000, 0x000000061cc00000, 0x000000061cc00000|100%| O|  |TAMS 0x000000061c800000, 0x000000061c800000| Untracked 
|  95|0x000000061cc00000, 0x000000061d000000, 0x000000061d000000|100%| O|  |TAMS 0x000000061cc00000, 0x000000061cc00000| Untracked 
|  96|0x000000061d000000, 0x000000061d400000, 0x000000061d400000|100%| O|  |TAMS 0x000000061d000000, 0x000000061d000000| Untracked 
|  97|0x000000061d400000, 0x000000061d800000, 0x000000061d800000|100%| O|  |TAMS 0x000000061d400000, 0x000000061d400000| Untracked 
|  98|0x000000061d800000, 0x000000061dc00000, 0x000000061dc00000|100%| O|  |TAMS 0x000000061d800000, 0x000000061d800000| Untracked 
|  99|0x000000061dc00000, 0x000000061e000000, 0x000000061e000000|100%| O|  |TAMS 0x000000061dc00000, 0x000000061dc00000| Untracked 
| 100|0x000000061e000000, 0x000000061e400000, 0x000000061e400000|100%| O|  |TAMS 0x000000061e000000, 0x000000061e000000| Untracked 
| 101|0x000000061e400000, 0x000000061e800000, 0x000000061e800000|100%| O|  |TAMS 0x000000061e400000, 0x000000061e400000| Untracked 
| 102|0x000000061e800000, 0x000000061ec00000, 0x000000061ec00000|100%| O|  |TAMS 0x000000061e800000, 0x000000061e800000| Untracked 
| 103|0x000000061ec00000, 0x000000061f000000, 0x000000061f000000|100%| O|  |TAMS 0x000000061ec00000, 0x000000061ec00000| Untracked 
| 104|0x000000061f000000, 0x000000061f400000, 0x000000061f400000|100%| O|  |TAMS 0x000000061f000000, 0x000000061f000000| Untracked 
| 105|0x000000061f400000, 0x000000061f800000, 0x000000061f800000|100%| O|  |TAMS 0x000000061f400000, 0x000000061f400000| Untracked 
| 106|0x000000061f800000, 0x000000061fc00000, 0x000000061fc00000|100%| O|  |TAMS 0x000000061f800000, 0x000000061f800000| Untracked 
| 107|0x000000061fc00000, 0x0000000620000000, 0x0000000620000000|100%| O|  |TAMS 0x000000061fc00000, 0x000000061fc00000| Untracked 
| 108|0x0000000620000000, 0x0000000620400000, 0x0000000620400000|100%| O|  |TAMS 0x0000000620000000, 0x0000000620000000| Untracked 
| 109|0x0000000620400000, 0x0000000620800000, 0x0000000620800000|100%| O|  |TAMS 0x0000000620400000, 0x0000000620400000| Untracked 
| 110|0x0000000620800000, 0x0000000620c00000, 0x0000000620c00000|100%| O|  |TAMS 0x0000000620800000, 0x0000000620800000| Untracked 
| 111|0x0000000620c00000, 0x0000000621000000, 0x0000000621000000|100%| O|  |TAMS 0x0000000620c00000, 0x0000000620c00000| Untracked 
| 112|0x0000000621000000, 0x0000000621400000, 0x0000000621400000|100%| O|  |TAMS 0x0000000621000000, 0x0000000621000000| Untracked 
| 113|0x0000000621400000, 0x0000000621800000, 0x0000000621800000|100%| O|  |TAMS 0x0000000621400000, 0x0000000621400000| Untracked 
| 114|0x0000000621800000, 0x0000000621c00000, 0x0000000621c00000|100%| O|  |TAMS 0x0000000621800000, 0x0000000621800000| Untracked 
| 115|0x0000000621c00000, 0x0000000622000000, 0x0000000622000000|100%| O|  |TAMS 0x0000000621c00000, 0x0000000621c00000| Untracked 
| 116|0x0000000622000000, 0x0000000622400000, 0x0000000622400000|100%| O|  |TAMS 0x0000000622000000, 0x0000000622000000| Untracked 
| 117|0x0000000622400000, 0x0000000622800000, 0x0000000622800000|100%| O|  |TAMS 0x0000000622400000, 0x0000000622400000| Untracked 
| 118|0x0000000622800000, 0x0000000622c00000, 0x0000000622c00000|100%| O|  |TAMS 0x0000000622800000, 0x0000000622800000| Untracked 
| 119|0x0000000622c00000, 0x0000000623000000, 0x0000000623000000|100%| O|  |TAMS 0x0000000622c00000, 0x0000000622c00000| Untracked 
| 120|0x0000000623000000, 0x0000000623400000, 0x0000000623400000|100%| O|  |TAMS 0x0000000623000000, 0x0000000623000000| Untracked 
| 121|0x0000000623400000, 0x0000000623800000, 0x0000000623800000|100%| O|  |TAMS 0x0000000623400000, 0x0000000623400000| Untracked 
| 122|0x0000000623800000, 0x0000000623c00000, 0x0000000623c00000|100%|HS|  |TAMS 0x0000000623800000, 0x0000000623800000| Complete 
| 123|0x0000000623c00000, 0x0000000624000000, 0x0000000624000000|100%|HC|  |TAMS 0x0000000623c00000, 0x0000000623c00000| Complete 
| 124|0x0000000624000000, 0x0000000624400000, 0x0000000624400000|100%|HC|  |TAMS 0x0000000624000000, 0x0000000624000000| Complete 
| 125|0x0000000624400000, 0x0000000624800000, 0x0000000624800000|100%|HC|  |TAMS 0x0000000624400000, 0x0000000624400000| Complete 
| 126|0x0000000624800000, 0x0000000624c00000, 0x0000000624c00000|100%|HC|  |TAMS 0x0000000624800000, 0x0000000624800000| Complete 
| 127|0x0000000624c00000, 0x0000000625000000, 0x0000000625000000|100%|HC|  |TAMS 0x0000000624c00000, 0x0000000624c00000| Complete 
| 128|0x0000000625000000, 0x0000000625400000, 0x0000000625400000|100%|HC|  |TAMS 0x0000000625000000, 0x0000000625000000| Complete 
| 129|0x0000000625400000, 0x0000000625800000, 0x0000000625800000|100%|HC|  |TAMS 0x0000000625400000, 0x0000000625400000| Complete 
| 130|0x0000000625800000, 0x0000000625c00000, 0x0000000625c00000|100%|HC|  |TAMS 0x0000000625800000, 0x0000000625800000| Complete 
| 131|0x0000000625c00000, 0x0000000626000000, 0x0000000626000000|100%|HC|  |TAMS 0x0000000625c00000, 0x0000000625c00000| Complete 
| 132|0x0000000626000000, 0x0000000626400000, 0x0000000626400000|100%|HC|  |TAMS 0x0000000626000000, 0x0000000626000000| Complete 
| 133|0x0000000626400000, 0x0000000626800000, 0x0000000626800000|100%|HC|  |TAMS 0x0000000626400000, 0x0000000626400000| Complete 
| 134|0x0000000626800000, 0x0000000626c00000, 0x0000000626c00000|100%|HC|  |TAMS 0x0000000626800000, 0x0000000626800000| Complete 
| 135|0x0000000626c00000, 0x0000000627000000, 0x0000000627000000|100%|HC|  |TAMS 0x0000000626c00000, 0x0000000626c00000| Complete 
| 136|0x0000000627000000, 0x0000000627400000, 0x0000000627400000|100%|HC|  |TAMS 0x0000000627000000, 0x0000000627000000| Complete 
| 137|0x0000000627400000, 0x0000000627800000, 0x0000000627800000|100%|HC|  |TAMS 0x0000000627400000, 0x0000000627400000| Complete 
| 138|0x0000000627800000, 0x0000000627c00000, 0x0000000627c00000|100%|HC|  |TAMS 0x0000000627800000, 0x0000000627800000| Complete 
| 139|0x0000000627c00000, 0x0000000628000000, 0x0000000628000000|100%|HC|  |TAMS 0x0000000627c00000, 0x0000000627c00000| Complete 
| 140|0x0000000628000000, 0x0000000628400000, 0x0000000628400000|100%|HC|  |TAMS 0x0000000628000000, 0x0000000628000000| Complete 
| 141|0x0000000628400000, 0x0000000628800000, 0x0000000628800000|100%|HC|  |TAMS 0x0000000628400000, 0x0000000628400000| Complete 
| 142|0x0000000628800000, 0x0000000628c00000, 0x0000000628c00000|100%|HC|  |TAMS 0x0000000628800000, 0x0000000628800000| Complete 
| 143|0x0000000628c00000, 0x0000000629000000, 0x0000000629000000|100%| O|  |TAMS 0x0000000628c00000, 0x0000000628c00000| Untracked 
| 144|0x0000000629000000, 0x0000000629400000, 0x0000000629400000|100%| O|  |TAMS 0x0000000629000000, 0x0000000629000000| Untracked 
| 145|0x0000000629400000, 0x0000000629800000, 0x0000000629800000|100%| O|  |TAMS 0x0000000629400000, 0x0000000629400000| Untracked 
| 146|0x0000000629800000, 0x0000000629c00000, 0x0000000629c00000|100%| O|  |TAMS 0x0000000629800000, 0x0000000629800000| Untracked 
| 147|0x0000000629c00000, 0x000000062a000000, 0x000000062a000000|100%| O|  |TAMS 0x0000000629c00000, 0x0000000629c00000| Untracked 
| 148|0x000000062a000000, 0x000000062a400000, 0x000000062a400000|100%| O|  |TAMS 0x000000062a000000, 0x000000062a000000| Untracked 
| 149|0x000000062a400000, 0x000000062a800000, 0x000000062a800000|100%| O|  |TAMS 0x000000062a400000, 0x000000062a400000| Untracked 
| 150|0x000000062a800000, 0x000000062ac00000, 0x000000062ac00000|100%| O|  |TAMS 0x000000062a800000, 0x000000062a800000| Untracked 
| 151|0x000000062ac00000, 0x000000062b000000, 0x000000062b000000|100%| O|  |TAMS 0x000000062ac00000, 0x000000062ac00000| Untracked 
| 152|0x000000062b000000, 0x000000062b400000, 0x000000062b400000|100%| O|  |TAMS 0x000000062b000000, 0x000000062b000000| Untracked 
| 153|0x000000062b400000, 0x000000062b800000, 0x000000062b800000|100%| O|  |TAMS 0x000000062b400000, 0x000000062b400000| Untracked 
| 154|0x000000062b800000, 0x000000062bc00000, 0x000000062bc00000|100%| O|  |TAMS 0x000000062b800000, 0x000000062b800000| Untracked 
| 155|0x000000062bc00000, 0x000000062c000000, 0x000000062c000000|100%| O|  |TAMS 0x000000062bc00000, 0x000000062bc00000| Untracked 
| 156|0x000000062c000000, 0x000000062c400000, 0x000000062c400000|100%| O|  |TAMS 0x000000062c000000, 0x000000062c000000| Untracked 
| 157|0x000000062c400000, 0x000000062c800000, 0x000000062c800000|100%| O|  |TAMS 0x000000062c400000, 0x000000062c400000| Untracked 
| 158|0x000000062c800000, 0x000000062cc00000, 0x000000062cc00000|100%| O|  |TAMS 0x000000062c800000, 0x000000062c800000| Untracked 
| 159|0x000000062cc00000, 0x000000062d000000, 0x000000062d000000|100%| O|  |TAMS 0x000000062cc00000, 0x000000062cc00000| Untracked 
| 160|0x000000062d000000, 0x000000062d195a00, 0x000000062d400000| 39%| O|  |TAMS 0x000000062d000000, 0x000000062d000000| Untracked 
| 161|0x000000062d400000, 0x000000062d400000, 0x000000062d800000|  0%| F|  |TAMS 0x000000062d400000, 0x000000062d400000| Untracked 
| 162|0x000000062d800000, 0x000000062d800000, 0x000000062dc00000|  0%| F|  |TAMS 0x000000062d800000, 0x000000062d800000| Untracked 
| 163|0x000000062dc00000, 0x000000062dc00000, 0x000000062e000000|  0%| F|  |TAMS 0x000000062dc00000, 0x000000062dc00000| Untracked 
| 164|0x000000062e000000, 0x000000062e000000, 0x000000062e400000|  0%| F|  |TAMS 0x000000062e000000, 0x000000062e000000| Untracked 
| 165|0x000000062e400000, 0x000000062e400000, 0x000000062e800000|  0%| F|  |TAMS 0x000000062e400000, 0x000000062e400000| Untracked 
| 166|0x000000062e800000, 0x000000062e800000, 0x000000062ec00000|  0%| F|  |TAMS 0x000000062e800000, 0x000000062e800000| Untracked 
| 167|0x000000062ec00000, 0x000000062ec00000, 0x000000062f000000|  0%| F|  |TAMS 0x000000062ec00000, 0x000000062ec00000| Untracked 
| 168|0x000000062f000000, 0x000000062f000000, 0x000000062f400000|  0%| F|  |TAMS 0x000000062f000000, 0x000000062f000000| Untracked 
| 169|0x000000062f400000, 0x000000062f400000, 0x000000062f800000|  0%| F|  |TAMS 0x000000062f400000, 0x000000062f400000| Untracked 
| 170|0x000000062f800000, 0x000000062f800000, 0x000000062fc00000|  0%| F|  |TAMS 0x000000062f800000, 0x000000062f800000| Untracked 
| 171|0x000000062fc00000, 0x000000062fc00000, 0x0000000630000000|  0%| F|  |TAMS 0x000000062fc00000, 0x000000062fc00000| Untracked 
| 172|0x0000000630000000, 0x0000000630000000, 0x0000000630400000|  0%| F|  |TAMS 0x0000000630000000, 0x0000000630000000| Untracked 
| 173|0x0000000630400000, 0x0000000630400000, 0x0000000630800000|  0%| F|  |TAMS 0x0000000630400000, 0x0000000630400000| Untracked 
| 174|0x0000000630800000, 0x0000000630800000, 0x0000000630c00000|  0%| F|  |TAMS 0x0000000630800000, 0x0000000630800000| Untracked 
| 175|0x0000000630c00000, 0x0000000630c00000, 0x0000000631000000|  0%| F|  |TAMS 0x0000000630c00000, 0x0000000630c00000| Untracked 
| 176|0x0000000631000000, 0x0000000631000000, 0x0000000631400000|  0%| F|  |TAMS 0x0000000631000000, 0x0000000631000000| Untracked 
| 177|0x0000000631400000, 0x0000000631400000, 0x0000000631800000|  0%| F|  |TAMS 0x0000000631400000, 0x0000000631400000| Untracked 
| 178|0x0000000631800000, 0x0000000631800000, 0x0000000631c00000|  0%| F|  |TAMS 0x0000000631800000, 0x0000000631800000| Untracked 
| 179|0x0000000631c00000, 0x0000000631c00000, 0x0000000632000000|  0%| F|  |TAMS 0x0000000631c00000, 0x0000000631c00000| Untracked 
| 180|0x0000000632000000, 0x0000000632000000, 0x0000000632400000|  0%| F|  |TAMS 0x0000000632000000, 0x0000000632000000| Untracked 
| 181|0x0000000632400000, 0x0000000632400000, 0x0000000632800000|  0%| F|  |TAMS 0x0000000632400000, 0x0000000632400000| Untracked 
| 182|0x0000000632800000, 0x0000000632800000, 0x0000000632c00000|  0%| F|  |TAMS 0x0000000632800000, 0x0000000632800000| Untracked 
| 183|0x0000000632c00000, 0x0000000632c00000, 0x0000000633000000|  0%| F|  |TAMS 0x0000000632c00000, 0x0000000632c00000| Untracked 
| 184|0x0000000633000000, 0x0000000633000000, 0x0000000633400000|  0%| F|  |TAMS 0x0000000633000000, 0x0000000633000000| Untracked 
| 185|0x0000000633400000, 0x0000000633400000, 0x0000000633800000|  0%| F|  |TAMS 0x0000000633400000, 0x0000000633400000| Untracked 
| 186|0x0000000633800000, 0x0000000633800000, 0x0000000633c00000|  0%| F|  |TAMS 0x0000000633800000, 0x0000000633800000| Untracked 
| 187|0x0000000633c00000, 0x0000000633c00000, 0x0000000634000000|  0%| F|  |TAMS 0x0000000633c00000, 0x0000000633c00000| Untracked 
| 188|0x0000000634000000, 0x0000000634000000, 0x0000000634400000|  0%| F|  |TAMS 0x0000000634000000, 0x0000000634000000| Untracked 
| 189|0x0000000634400000, 0x0000000634400000, 0x0000000634800000|  0%| F|  |TAMS 0x0000000634400000, 0x0000000634400000| Untracked 
| 190|0x0000000634800000, 0x0000000634800000, 0x0000000634c00000|  0%| F|  |TAMS 0x0000000634800000, 0x0000000634800000| Untracked 
| 191|0x0000000634c00000, 0x0000000634c00000, 0x0000000635000000|  0%| F|  |TAMS 0x0000000634c00000, 0x0000000634c00000| Untracked 
| 192|0x0000000635000000, 0x0000000635000000, 0x0000000635400000|  0%| F|  |TAMS 0x0000000635000000, 0x0000000635000000| Untracked 
| 193|0x0000000635400000, 0x0000000635400000, 0x0000000635800000|  0%| F|  |TAMS 0x0000000635400000, 0x0000000635400000| Untracked 
| 194|0x0000000635800000, 0x0000000635800000, 0x0000000635c00000|  0%| F|  |TAMS 0x0000000635800000, 0x0000000635800000| Untracked 
| 195|0x0000000635c00000, 0x0000000635c00000, 0x0000000636000000|  0%| F|  |TAMS 0x0000000635c00000, 0x0000000635c00000| Untracked 
| 196|0x0000000636000000, 0x0000000636000000, 0x0000000636400000|  0%| F|  |TAMS 0x0000000636000000, 0x0000000636000000| Untracked 
| 197|0x0000000636400000, 0x0000000636400000, 0x0000000636800000|  0%| F|  |TAMS 0x0000000636400000, 0x0000000636400000| Untracked 
| 198|0x0000000636800000, 0x0000000636800000, 0x0000000636c00000|  0%| F|  |TAMS 0x0000000636800000, 0x0000000636800000| Untracked 
| 199|0x0000000636c00000, 0x0000000636c00000, 0x0000000637000000|  0%| F|  |TAMS 0x0000000636c00000, 0x0000000636c00000| Untracked 
| 200|0x0000000637000000, 0x0000000637000000, 0x0000000637400000|  0%| F|  |TAMS 0x0000000637000000, 0x0000000637000000| Untracked 
| 201|0x0000000637400000, 0x0000000637400000, 0x0000000637800000|  0%| F|  |TAMS 0x0000000637400000, 0x0000000637400000| Untracked 
| 202|0x0000000637800000, 0x0000000637800000, 0x0000000637c00000|  0%| F|  |TAMS 0x0000000637800000, 0x0000000637800000| Untracked 
| 203|0x0000000637c00000, 0x0000000637c00000, 0x0000000638000000|  0%| F|  |TAMS 0x0000000637c00000, 0x0000000637c00000| Untracked 
| 204|0x0000000638000000, 0x0000000638000000, 0x0000000638400000|  0%| F|  |TAMS 0x0000000638000000, 0x0000000638000000| Untracked 
| 205|0x0000000638400000, 0x0000000638400000, 0x0000000638800000|  0%| F|  |TAMS 0x0000000638400000, 0x0000000638400000| Untracked 
| 206|0x0000000638800000, 0x0000000638800000, 0x0000000638c00000|  0%| F|  |TAMS 0x0000000638800000, 0x0000000638800000| Untracked 
| 207|0x0000000638c00000, 0x0000000638c00000, 0x0000000639000000|  0%| F|  |TAMS 0x0000000638c00000, 0x0000000638c00000| Untracked 
| 208|0x0000000639000000, 0x0000000639000000, 0x0000000639400000|  0%| F|  |TAMS 0x0000000639000000, 0x0000000639000000| Untracked 
| 209|0x0000000639400000, 0x0000000639400000, 0x0000000639800000|  0%| F|  |TAMS 0x0000000639400000, 0x0000000639400000| Untracked 
| 210|0x0000000639800000, 0x0000000639800000, 0x0000000639c00000|  0%| F|  |TAMS 0x0000000639800000, 0x0000000639800000| Untracked 
| 211|0x0000000639c00000, 0x0000000639c00000, 0x000000063a000000|  0%| F|  |TAMS 0x0000000639c00000, 0x0000000639c00000| Untracked 
| 212|0x000000063a000000, 0x000000063a000000, 0x000000063a400000|  0%| F|  |TAMS 0x000000063a000000, 0x000000063a000000| Untracked 
| 213|0x000000063a400000, 0x000000063a400000, 0x000000063a800000|  0%| F|  |TAMS 0x000000063a400000, 0x000000063a400000| Untracked 
| 214|0x000000063a800000, 0x000000063a800000, 0x000000063ac00000|  0%| F|  |TAMS 0x000000063a800000, 0x000000063a800000| Untracked 
| 215|0x000000063ac00000, 0x000000063ac00000, 0x000000063b000000|  0%| F|  |TAMS 0x000000063ac00000, 0x000000063ac00000| Untracked 
| 216|0x000000063b000000, 0x000000063b000000, 0x000000063b400000|  0%| F|  |TAMS 0x000000063b000000, 0x000000063b000000| Untracked 
| 217|0x000000063b400000, 0x000000063b400000, 0x000000063b800000|  0%| F|  |TAMS 0x000000063b400000, 0x000000063b400000| Untracked 
| 218|0x000000063b800000, 0x000000063b800000, 0x000000063bc00000|  0%| F|  |TAMS 0x000000063b800000, 0x000000063b800000| Untracked 
| 219|0x000000063bc00000, 0x000000063bc00000, 0x000000063c000000|  0%| F|  |TAMS 0x000000063bc00000, 0x000000063bc00000| Untracked 
| 220|0x000000063c000000, 0x000000063c000000, 0x000000063c400000|  0%| F|  |TAMS 0x000000063c000000, 0x000000063c000000| Untracked 
| 221|0x000000063c400000, 0x000000063c400000, 0x000000063c800000|  0%| F|  |TAMS 0x000000063c400000, 0x000000063c400000| Untracked 
| 222|0x000000063c800000, 0x000000063c800000, 0x000000063cc00000|  0%| F|  |TAMS 0x000000063c800000, 0x000000063c800000| Untracked 
| 223|0x000000063cc00000, 0x000000063cc00000, 0x000000063d000000|  0%| F|  |TAMS 0x000000063cc00000, 0x000000063cc00000| Untracked 
| 224|0x000000063d000000, 0x000000063d000000, 0x000000063d400000|  0%| F|  |TAMS 0x000000063d000000, 0x000000063d000000| Untracked 
| 225|0x000000063d400000, 0x000000063d400000, 0x000000063d800000|  0%| F|  |TAMS 0x000000063d400000, 0x000000063d400000| Untracked 
| 226|0x000000063d800000, 0x000000063d800000, 0x000000063dc00000|  0%| F|  |TAMS 0x000000063d800000, 0x000000063d800000| Untracked 
| 227|0x000000063dc00000, 0x000000063dc00000, 0x000000063e000000|  0%| F|  |TAMS 0x000000063dc00000, 0x000000063dc00000| Untracked 
| 228|0x000000063e000000, 0x000000063e000000, 0x000000063e400000|  0%| F|  |TAMS 0x000000063e000000, 0x000000063e000000| Untracked 
| 229|0x000000063e400000, 0x000000063e400000, 0x000000063e800000|  0%| F|  |TAMS 0x000000063e400000, 0x000000063e400000| Untracked 
| 230|0x000000063e800000, 0x000000063e800000, 0x000000063ec00000|  0%| F|  |TAMS 0x000000063e800000, 0x000000063e800000| Untracked 
| 231|0x000000063ec00000, 0x000000063ec00000, 0x000000063f000000|  0%| F|  |TAMS 0x000000063ec00000, 0x000000063ec00000| Untracked 
| 232|0x000000063f000000, 0x000000063f000000, 0x000000063f400000|  0%| F|  |TAMS 0x000000063f000000, 0x000000063f000000| Untracked 
| 233|0x000000063f400000, 0x000000063f400000, 0x000000063f800000|  0%| F|  |TAMS 0x000000063f400000, 0x000000063f400000| Untracked 
| 234|0x000000063f800000, 0x000000063f800000, 0x000000063fc00000|  0%| F|  |TAMS 0x000000063f800000, 0x000000063f800000| Untracked 
| 235|0x000000063fc00000, 0x000000063fc00000, 0x0000000640000000|  0%| F|  |TAMS 0x000000063fc00000, 0x000000063fc00000| Untracked 
| 236|0x0000000640000000, 0x0000000640000000, 0x0000000640400000|  0%| F|  |TAMS 0x0000000640000000, 0x0000000640000000| Untracked 
| 237|0x0000000640400000, 0x0000000640400000, 0x0000000640800000|  0%| F|  |TAMS 0x0000000640400000, 0x0000000640400000| Untracked 
| 238|0x0000000640800000, 0x0000000640800000, 0x0000000640c00000|  0%| F|  |TAMS 0x0000000640800000, 0x0000000640800000| Untracked 
| 239|0x0000000640c00000, 0x0000000640c00000, 0x0000000641000000|  0%| F|  |TAMS 0x0000000640c00000, 0x0000000640c00000| Untracked 
| 240|0x0000000641000000, 0x0000000641000000, 0x0000000641400000|  0%| F|  |TAMS 0x0000000641000000, 0x0000000641000000| Untracked 
| 241|0x0000000641400000, 0x0000000641400000, 0x0000000641800000|  0%| F|  |TAMS 0x0000000641400000, 0x0000000641400000| Untracked 
| 242|0x0000000641800000, 0x0000000641800000, 0x0000000641c00000|  0%| F|  |TAMS 0x0000000641800000, 0x0000000641800000| Untracked 
| 243|0x0000000641c00000, 0x0000000641c00000, 0x0000000642000000|  0%| F|  |TAMS 0x0000000641c00000, 0x0000000641c00000| Untracked 
| 244|0x0000000642000000, 0x0000000642000000, 0x0000000642400000|  0%| F|  |TAMS 0x0000000642000000, 0x0000000642000000| Untracked 
| 245|0x0000000642400000, 0x0000000642400000, 0x0000000642800000|  0%| F|  |TAMS 0x0000000642400000, 0x0000000642400000| Untracked 
| 246|0x0000000642800000, 0x0000000642800000, 0x0000000642c00000|  0%| F|  |TAMS 0x0000000642800000, 0x0000000642800000| Untracked 
| 247|0x0000000642c00000, 0x0000000642c00000, 0x0000000643000000|  0%| F|  |TAMS 0x0000000642c00000, 0x0000000642c00000| Untracked 
| 248|0x0000000643000000, 0x0000000643000000, 0x0000000643400000|  0%| F|  |TAMS 0x0000000643000000, 0x0000000643000000| Untracked 
| 249|0x0000000643400000, 0x0000000643400000, 0x0000000643800000|  0%| F|  |TAMS 0x0000000643400000, 0x0000000643400000| Untracked 
| 250|0x0000000643800000, 0x0000000643800000, 0x0000000643c00000|  0%| F|  |TAMS 0x0000000643800000, 0x0000000643800000| Untracked 
| 251|0x0000000643c00000, 0x0000000643c00000, 0x0000000644000000|  0%| F|  |TAMS 0x0000000643c00000, 0x0000000643c00000| Untracked 
| 252|0x0000000644000000, 0x0000000644000000, 0x0000000644400000|  0%| F|  |TAMS 0x0000000644000000, 0x0000000644000000| Untracked 
| 253|0x0000000644400000, 0x0000000644400000, 0x0000000644800000|  0%| F|  |TAMS 0x0000000644400000, 0x0000000644400000| Untracked 
| 254|0x0000000644800000, 0x0000000644800000, 0x0000000644c00000|  0%| F|  |TAMS 0x0000000644800000, 0x0000000644800000| Untracked 
| 255|0x0000000644c00000, 0x0000000644c00000, 0x0000000645000000|  0%| F|  |TAMS 0x0000000644c00000, 0x0000000644c00000| Untracked 
| 256|0x0000000645000000, 0x0000000645000000, 0x0000000645400000|  0%| F|  |TAMS 0x0000000645000000, 0x0000000645000000| Untracked 
| 257|0x0000000645400000, 0x0000000645400000, 0x0000000645800000|  0%| F|  |TAMS 0x0000000645400000, 0x0000000645400000| Untracked 
| 258|0x0000000645800000, 0x0000000645800000, 0x0000000645c00000|  0%| F|  |TAMS 0x0000000645800000, 0x0000000645800000| Untracked 
| 259|0x0000000645c00000, 0x0000000645c00000, 0x0000000646000000|  0%| F|  |TAMS 0x0000000645c00000, 0x0000000645c00000| Untracked 
| 260|0x0000000646000000, 0x0000000646000000, 0x0000000646400000|  0%| F|  |TAMS 0x0000000646000000, 0x0000000646000000| Untracked 
| 261|0x0000000646400000, 0x0000000646400000, 0x0000000646800000|  0%| F|  |TAMS 0x0000000646400000, 0x0000000646400000| Untracked 
| 262|0x0000000646800000, 0x0000000646800000, 0x0000000646c00000|  0%| F|  |TAMS 0x0000000646800000, 0x0000000646800000| Untracked 
| 263|0x0000000646c00000, 0x0000000646c00000, 0x0000000647000000|  0%| F|  |TAMS 0x0000000646c00000, 0x0000000646c00000| Untracked 
| 264|0x0000000647000000, 0x0000000647000000, 0x0000000647400000|  0%| F|  |TAMS 0x0000000647000000, 0x0000000647000000| Untracked 
| 265|0x0000000647400000, 0x0000000647400000, 0x0000000647800000|  0%| F|  |TAMS 0x0000000647400000, 0x0000000647400000| Untracked 
| 266|0x0000000647800000, 0x0000000647800000, 0x0000000647c00000|  0%| F|  |TAMS 0x0000000647800000, 0x0000000647800000| Untracked 
| 267|0x0000000647c00000, 0x0000000647c00000, 0x0000000648000000|  0%| F|  |TAMS 0x0000000647c00000, 0x0000000647c00000| Untracked 
| 268|0x0000000648000000, 0x0000000648000000, 0x0000000648400000|  0%| F|  |TAMS 0x0000000648000000, 0x0000000648000000| Untracked 
| 269|0x0000000648400000, 0x0000000648400000, 0x0000000648800000|  0%| F|  |TAMS 0x0000000648400000, 0x0000000648400000| Untracked 
| 270|0x0000000648800000, 0x0000000648800000, 0x0000000648c00000|  0%| F|  |TAMS 0x0000000648800000, 0x0000000648800000| Untracked 
| 271|0x0000000648c00000, 0x0000000648c00000, 0x0000000649000000|  0%| F|  |TAMS 0x0000000648c00000, 0x0000000648c00000| Untracked 
| 272|0x0000000649000000, 0x0000000649000000, 0x0000000649400000|  0%| F|  |TAMS 0x0000000649000000, 0x0000000649000000| Untracked 
| 273|0x0000000649400000, 0x0000000649400000, 0x0000000649800000|  0%| F|  |TAMS 0x0000000649400000, 0x0000000649400000| Untracked 
| 274|0x0000000649800000, 0x0000000649800000, 0x0000000649c00000|  0%| F|  |TAMS 0x0000000649800000, 0x0000000649800000| Untracked 
| 275|0x0000000649c00000, 0x0000000649c00000, 0x000000064a000000|  0%| F|  |TAMS 0x0000000649c00000, 0x0000000649c00000| Untracked 
| 276|0x000000064a000000, 0x000000064a000000, 0x000000064a400000|  0%| F|  |TAMS 0x000000064a000000, 0x000000064a000000| Untracked 
| 277|0x000000064a400000, 0x000000064a400000, 0x000000064a800000|  0%| F|  |TAMS 0x000000064a400000, 0x000000064a400000| Untracked 
| 278|0x000000064a800000, 0x000000064a800000, 0x000000064ac00000|  0%| F|  |TAMS 0x000000064a800000, 0x000000064a800000| Untracked 
| 279|0x000000064ac00000, 0x000000064ac00000, 0x000000064b000000|  0%| F|  |TAMS 0x000000064ac00000, 0x000000064ac00000| Untracked 
| 280|0x000000064b000000, 0x000000064b000000, 0x000000064b400000|  0%| F|  |TAMS 0x000000064b000000, 0x000000064b000000| Untracked 
| 281|0x000000064b400000, 0x000000064b400000, 0x000000064b800000|  0%| F|  |TAMS 0x000000064b400000, 0x000000064b400000| Untracked 
| 282|0x000000064b800000, 0x000000064b800000, 0x000000064bc00000|  0%| F|  |TAMS 0x000000064b800000, 0x000000064b800000| Untracked 
| 283|0x000000064bc00000, 0x000000064bc00000, 0x000000064c000000|  0%| F|  |TAMS 0x000000064bc00000, 0x000000064bc00000| Untracked 
| 284|0x000000064c000000, 0x000000064c000000, 0x000000064c400000|  0%| F|  |TAMS 0x000000064c000000, 0x000000064c000000| Untracked 
| 285|0x000000064c400000, 0x000000064c400000, 0x000000064c800000|  0%| F|  |TAMS 0x000000064c400000, 0x000000064c400000| Untracked 
| 286|0x000000064c800000, 0x000000064c800000, 0x000000064cc00000|  0%| F|  |TAMS 0x000000064c800000, 0x000000064c800000| Untracked 
| 287|0x000000064cc00000, 0x000000064cc00000, 0x000000064d000000|  0%| F|  |TAMS 0x000000064cc00000, 0x000000064cc00000| Untracked 
| 288|0x000000064d000000, 0x000000064d000000, 0x000000064d400000|  0%| F|  |TAMS 0x000000064d000000, 0x000000064d000000| Untracked 
| 289|0x000000064d400000, 0x000000064d400000, 0x000000064d800000|  0%| F|  |TAMS 0x000000064d400000, 0x000000064d400000| Untracked 
| 290|0x000000064d800000, 0x000000064d800000, 0x000000064dc00000|  0%| F|  |TAMS 0x000000064d800000, 0x000000064d800000| Untracked 
| 291|0x000000064dc00000, 0x000000064dc00000, 0x000000064e000000|  0%| F|  |TAMS 0x000000064dc00000, 0x000000064dc00000| Untracked 
| 292|0x000000064e000000, 0x000000064e000000, 0x000000064e400000|  0%| F|  |TAMS 0x000000064e000000, 0x000000064e000000| Untracked 
| 293|0x000000064e400000, 0x000000064e400000, 0x000000064e800000|  0%| F|  |TAMS 0x000000064e400000, 0x000000064e400000| Untracked 
| 294|0x000000064e800000, 0x000000064e800000, 0x000000064ec00000|  0%| F|  |TAMS 0x000000064e800000, 0x000000064e800000| Untracked 
| 295|0x000000064ec00000, 0x000000064ec00000, 0x000000064f000000|  0%| F|  |TAMS 0x000000064ec00000, 0x000000064ec00000| Untracked 
| 296|0x000000064f000000, 0x000000064f000000, 0x000000064f400000|  0%| F|  |TAMS 0x000000064f000000, 0x000000064f000000| Untracked 
| 297|0x000000064f400000, 0x000000064f400000, 0x000000064f800000|  0%| F|  |TAMS 0x000000064f400000, 0x000000064f400000| Untracked 
| 298|0x000000064f800000, 0x000000064f800000, 0x000000064fc00000|  0%| F|  |TAMS 0x000000064f800000, 0x000000064f800000| Untracked 
| 299|0x000000064fc00000, 0x000000064fc00000, 0x0000000650000000|  0%| F|  |TAMS 0x000000064fc00000, 0x000000064fc00000| Untracked 
| 300|0x0000000650000000, 0x0000000650000000, 0x0000000650400000|  0%| F|  |TAMS 0x0000000650000000, 0x0000000650000000| Untracked 
| 301|0x0000000650400000, 0x0000000650400000, 0x0000000650800000|  0%| F|  |TAMS 0x0000000650400000, 0x0000000650400000| Untracked 
| 302|0x0000000650800000, 0x0000000650800000, 0x0000000650c00000|  0%| F|  |TAMS 0x0000000650800000, 0x0000000650800000| Untracked 
| 303|0x0000000650c00000, 0x0000000650c00000, 0x0000000651000000|  0%| F|  |TAMS 0x0000000650c00000, 0x0000000650c00000| Untracked 
| 304|0x0000000651000000, 0x0000000651000000, 0x0000000651400000|  0%| F|  |TAMS 0x0000000651000000, 0x0000000651000000| Untracked 
| 305|0x0000000651400000, 0x0000000651400000, 0x0000000651800000|  0%| F|  |TAMS 0x0000000651400000, 0x0000000651400000| Untracked 
| 306|0x0000000651800000, 0x0000000651800000, 0x0000000651c00000|  0%| F|  |TAMS 0x0000000651800000, 0x0000000651800000| Untracked 
| 307|0x0000000651c00000, 0x0000000651c00000, 0x0000000652000000|  0%| F|  |TAMS 0x0000000651c00000, 0x0000000651c00000| Untracked 
| 308|0x0000000652000000, 0x0000000652000000, 0x0000000652400000|  0%| F|  |TAMS 0x0000000652000000, 0x0000000652000000| Untracked 
| 309|0x0000000652400000, 0x0000000652400000, 0x0000000652800000|  0%| F|  |TAMS 0x0000000652400000, 0x0000000652400000| Untracked 
| 310|0x0000000652800000, 0x0000000652800000, 0x0000000652c00000|  0%| F|  |TAMS 0x0000000652800000, 0x0000000652800000| Untracked 
| 311|0x0000000652c00000, 0x0000000652c00000, 0x0000000653000000|  0%| F|  |TAMS 0x0000000652c00000, 0x0000000652c00000| Untracked 
| 312|0x0000000653000000, 0x0000000653000000, 0x0000000653400000|  0%| F|  |TAMS 0x0000000653000000, 0x0000000653000000| Untracked 
| 313|0x0000000653400000, 0x0000000653400000, 0x0000000653800000|  0%| F|  |TAMS 0x0000000653400000, 0x0000000653400000| Untracked 
| 314|0x0000000653800000, 0x0000000653800000, 0x0000000653c00000|  0%| F|  |TAMS 0x0000000653800000, 0x0000000653800000| Untracked 
| 315|0x0000000653c00000, 0x0000000653c00000, 0x0000000654000000|  0%| F|  |TAMS 0x0000000653c00000, 0x0000000653c00000| Untracked 
| 316|0x0000000654000000, 0x0000000654000000, 0x0000000654400000|  0%| F|  |TAMS 0x0000000654000000, 0x0000000654000000| Untracked 
| 317|0x0000000654400000, 0x0000000654400000, 0x0000000654800000|  0%| F|  |TAMS 0x0000000654400000, 0x0000000654400000| Untracked 
| 318|0x0000000654800000, 0x0000000654800000, 0x0000000654c00000|  0%| F|  |TAMS 0x0000000654800000, 0x0000000654800000| Untracked 
| 319|0x0000000654c00000, 0x0000000654c00000, 0x0000000655000000|  0%| F|  |TAMS 0x0000000654c00000, 0x0000000654c00000| Untracked 
| 320|0x0000000655000000, 0x0000000655000000, 0x0000000655400000|  0%| F|  |TAMS 0x0000000655000000, 0x0000000655000000| Untracked 
| 321|0x0000000655400000, 0x0000000655400000, 0x0000000655800000|  0%| F|  |TAMS 0x0000000655400000, 0x0000000655400000| Untracked 
| 322|0x0000000655800000, 0x0000000655800000, 0x0000000655c00000|  0%| F|  |TAMS 0x0000000655800000, 0x0000000655800000| Untracked 
| 323|0x0000000655c00000, 0x0000000655c00000, 0x0000000656000000|  0%| F|  |TAMS 0x0000000655c00000, 0x0000000655c00000| Untracked 
| 324|0x0000000656000000, 0x0000000656000000, 0x0000000656400000|  0%| F|  |TAMS 0x0000000656000000, 0x0000000656000000| Untracked 
| 325|0x0000000656400000, 0x0000000656400000, 0x0000000656800000|  0%| F|  |TAMS 0x0000000656400000, 0x0000000656400000| Untracked 
| 326|0x0000000656800000, 0x0000000656800000, 0x0000000656c00000|  0%| F|  |TAMS 0x0000000656800000, 0x0000000656800000| Untracked 
| 327|0x0000000656c00000, 0x0000000656c00000, 0x0000000657000000|  0%| F|  |TAMS 0x0000000656c00000, 0x0000000656c00000| Untracked 
| 328|0x0000000657000000, 0x0000000657000000, 0x0000000657400000|  0%| F|  |TAMS 0x0000000657000000, 0x0000000657000000| Untracked 
| 329|0x0000000657400000, 0x0000000657400000, 0x0000000657800000|  0%| F|  |TAMS 0x0000000657400000, 0x0000000657400000| Untracked 
| 330|0x0000000657800000, 0x0000000657800000, 0x0000000657c00000|  0%| F|  |TAMS 0x0000000657800000, 0x0000000657800000| Untracked 
| 331|0x0000000657c00000, 0x0000000657c00000, 0x0000000658000000|  0%| F|  |TAMS 0x0000000657c00000, 0x0000000657c00000| Untracked 
| 332|0x0000000658000000, 0x0000000658000000, 0x0000000658400000|  0%| F|  |TAMS 0x0000000658000000, 0x0000000658000000| Untracked 
| 333|0x0000000658400000, 0x0000000658400000, 0x0000000658800000|  0%| F|  |TAMS 0x0000000658400000, 0x0000000658400000| Untracked 
| 334|0x0000000658800000, 0x0000000658800000, 0x0000000658c00000|  0%| F|  |TAMS 0x0000000658800000, 0x0000000658800000| Untracked 
| 335|0x0000000658c00000, 0x0000000658c00000, 0x0000000659000000|  0%| F|  |TAMS 0x0000000658c00000, 0x0000000658c00000| Untracked 
| 336|0x0000000659000000, 0x0000000659000000, 0x0000000659400000|  0%| F|  |TAMS 0x0000000659000000, 0x0000000659000000| Untracked 
| 337|0x0000000659400000, 0x0000000659400000, 0x0000000659800000|  0%| F|  |TAMS 0x0000000659400000, 0x0000000659400000| Untracked 
| 338|0x0000000659800000, 0x0000000659800000, 0x0000000659c00000|  0%| F|  |TAMS 0x0000000659800000, 0x0000000659800000| Untracked 
| 339|0x0000000659c00000, 0x0000000659c00000, 0x000000065a000000|  0%| F|  |TAMS 0x0000000659c00000, 0x0000000659c00000| Untracked 
| 340|0x000000065a000000, 0x000000065a000000, 0x000000065a400000|  0%| F|  |TAMS 0x000000065a000000, 0x000000065a000000| Untracked 
| 341|0x000000065a400000, 0x000000065a400000, 0x000000065a800000|  0%| F|  |TAMS 0x000000065a400000, 0x000000065a400000| Untracked 
| 342|0x000000065a800000, 0x000000065a800000, 0x000000065ac00000|  0%| F|  |TAMS 0x000000065a800000, 0x000000065a800000| Untracked 
| 343|0x000000065ac00000, 0x000000065ac00000, 0x000000065b000000|  0%| F|  |TAMS 0x000000065ac00000, 0x000000065ac00000| Untracked 
| 344|0x000000065b000000, 0x000000065b000000, 0x000000065b400000|  0%| F|  |TAMS 0x000000065b000000, 0x000000065b000000| Untracked 
| 345|0x000000065b400000, 0x000000065b400000, 0x000000065b800000|  0%| F|  |TAMS 0x000000065b400000, 0x000000065b400000| Untracked 
| 346|0x000000065b800000, 0x000000065b800000, 0x000000065bc00000|  0%| F|  |TAMS 0x000000065b800000, 0x000000065b800000| Untracked 
| 347|0x000000065bc00000, 0x000000065bc00000, 0x000000065c000000|  0%| F|  |TAMS 0x000000065bc00000, 0x000000065bc00000| Untracked 
| 348|0x000000065c000000, 0x000000065c000000, 0x000000065c400000|  0%| F|  |TAMS 0x000000065c000000, 0x000000065c000000| Untracked 
| 349|0x000000065c400000, 0x000000065c400000, 0x000000065c800000|  0%| F|  |TAMS 0x000000065c400000, 0x000000065c400000| Untracked 
| 350|0x000000065c800000, 0x000000065c800000, 0x000000065cc00000|  0%| F|  |TAMS 0x000000065c800000, 0x000000065c800000| Untracked 
| 351|0x000000065cc00000, 0x000000065cc00000, 0x000000065d000000|  0%| F|  |TAMS 0x000000065cc00000, 0x000000065cc00000| Untracked 
| 352|0x000000065d000000, 0x000000065d000000, 0x000000065d400000|  0%| F|  |TAMS 0x000000065d000000, 0x000000065d000000| Untracked 
| 353|0x000000065d400000, 0x000000065d400000, 0x000000065d800000|  0%| F|  |TAMS 0x000000065d400000, 0x000000065d400000| Untracked 
| 354|0x000000065d800000, 0x000000065d800000, 0x000000065dc00000|  0%| F|  |TAMS 0x000000065d800000, 0x000000065d800000| Untracked 
| 355|0x000000065dc00000, 0x000000065dc00000, 0x000000065e000000|  0%| F|  |TAMS 0x000000065dc00000, 0x000000065dc00000| Untracked 
| 356|0x000000065e000000, 0x000000065e000000, 0x000000065e400000|  0%| F|  |TAMS 0x000000065e000000, 0x000000065e000000| Untracked 
| 357|0x000000065e400000, 0x000000065e400000, 0x000000065e800000|  0%| F|  |TAMS 0x000000065e400000, 0x000000065e400000| Untracked 
| 358|0x000000065e800000, 0x000000065e800000, 0x000000065ec00000|  0%| F|  |TAMS 0x000000065e800000, 0x000000065e800000| Untracked 
| 359|0x000000065ec00000, 0x000000065f000000, 0x000000065f000000|100%| S|CS|TAMS 0x000000065ec00000, 0x000000065ec00000| Complete 
| 360|0x000000065f000000, 0x000000065f000000, 0x000000065f400000|  0%| F|  |TAMS 0x000000065f000000, 0x000000065f000000| Untracked 
| 361|0x000000065f400000, 0x000000065f400000, 0x000000065f800000|  0%| F|  |TAMS 0x000000065f400000, 0x000000065f400000| Untracked 
| 362|0x000000065f800000, 0x000000065f800000, 0x000000065fc00000|  0%| F|  |TAMS 0x000000065f800000, 0x000000065f800000| Untracked 
| 363|0x000000065fc00000, 0x0000000660000000, 0x0000000660000000|100%| S|CS|TAMS 0x000000065fc00000, 0x000000065fc00000| Complete 
| 364|0x0000000660000000, 0x0000000660400000, 0x0000000660400000|100%| S|CS|TAMS 0x0000000660000000, 0x0000000660000000| Complete 
| 365|0x0000000660400000, 0x0000000660400000, 0x0000000660800000|  0%| F|  |TAMS 0x0000000660400000, 0x0000000660400000| Untracked 
| 366|0x0000000660800000, 0x0000000660800000, 0x0000000660c00000|  0%| F|  |TAMS 0x0000000660800000, 0x0000000660800000| Untracked 
| 367|0x0000000660c00000, 0x0000000660c00000, 0x0000000661000000|  0%| F|  |TAMS 0x0000000660c00000, 0x0000000660c00000| Untracked 
| 368|0x0000000661000000, 0x0000000661000000, 0x0000000661400000|  0%| F|  |TAMS 0x0000000661000000, 0x0000000661000000| Untracked 
| 369|0x0000000661400000, 0x0000000661400000, 0x0000000661800000|  0%| F|  |TAMS 0x0000000661400000, 0x0000000661400000| Untracked 
| 370|0x0000000661800000, 0x0000000661800000, 0x0000000661c00000|  0%| F|  |TAMS 0x0000000661800000, 0x0000000661800000| Untracked 
| 371|0x0000000661c00000, 0x0000000661c00000, 0x0000000662000000|  0%| F|  |TAMS 0x0000000661c00000, 0x0000000661c00000| Untracked 
| 372|0x0000000662000000, 0x0000000662000000, 0x0000000662400000|  0%| F|  |TAMS 0x0000000662000000, 0x0000000662000000| Untracked 
| 373|0x0000000662400000, 0x0000000662400000, 0x0000000662800000|  0%| F|  |TAMS 0x0000000662400000, 0x0000000662400000| Untracked 
| 374|0x0000000662800000, 0x0000000662800000, 0x0000000662c00000|  0%| F|  |TAMS 0x0000000662800000, 0x0000000662800000| Untracked 
| 375|0x0000000662c00000, 0x0000000662c00000, 0x0000000663000000|  0%| F|  |TAMS 0x0000000662c00000, 0x0000000662c00000| Untracked 
| 376|0x0000000663000000, 0x0000000663000000, 0x0000000663400000|  0%| F|  |TAMS 0x0000000663000000, 0x0000000663000000| Untracked 
| 377|0x0000000663400000, 0x0000000663400000, 0x0000000663800000|  0%| F|  |TAMS 0x0000000663400000, 0x0000000663400000| Untracked 
| 378|0x0000000663800000, 0x0000000663800000, 0x0000000663c00000|  0%| F|  |TAMS 0x0000000663800000, 0x0000000663800000| Untracked 
| 379|0x0000000663c00000, 0x0000000663c00000, 0x0000000664000000|  0%| F|  |TAMS 0x0000000663c00000, 0x0000000663c00000| Untracked 
| 380|0x0000000664000000, 0x0000000664000000, 0x0000000664400000|  0%| F|  |TAMS 0x0000000664000000, 0x0000000664000000| Untracked 

Card table byte_map: [0x0000012f374a0000,0x0000012f38480000] _byte_map_base: 0x0000012f34478000

Marking Bits (Prev, Next): (CMBitMap*) 0x0000012f1f1012b0, (CMBitMap*) 0x0000012f1f1012f0
 Prev Bits: [0x0000012f39460000, 0x0000012f41320000)
 Next Bits: [0x0000012f41320000, 0x0000012f491e0000)

Polling page: 0x0000012f1cca0000

Metaspace:

Usage:
  Non-class:    532.99 KB used.
      Class:     43.95 KB used.
       Both:    576.94 KB used.

Virtual space:
  Non-class space:       64.00 MB reserved,     640.00 KB ( <1%) committed,  1 nodes.
      Class space:        1.00 GB reserved,     128.00 KB ( <1%) committed,  1 nodes.
             Both:        1.06 GB reserved,     768.00 KB ( <1%) committed. 

Chunk freelists:
   Non-Class:  11.98 MB
       Class:  15.74 MB
        Both:  27.73 MB

MaxMetaspaceSize: unlimited
CompressedClassSpaceSize: 1.00 GB
Initial GC threshold: 21.00 MB
Current GC threshold: 21.00 MB
CDS: on
MetaspaceReclaimPolicy: balanced
 - commit_granule_bytes: 65536.
 - commit_granule_words: 8192.
 - virtual_space_node_default_size: 8388608.
 - enlarge_chunks_in_place: 1.
 - new_chunks_are_fully_committed: 0.
 - uncommit_free_chunks: 1.
 - use_allocation_guard: 0.
 - handle_deallocations: 1.


Internal statistics:

num_allocs_failed_limit: 0.
num_arena_births: 8.
num_arena_deaths: 0.
num_vsnodes_births: 2.
num_vsnodes_deaths: 0.
num_space_committed: 12.
num_space_uncommitted: 0.
num_chunks_returned_to_freelist: 0.
num_chunks_taken_from_freelist: 10.
num_chunk_merges: 0.
num_chunk_splits: 6.
num_chunks_enlarged: 2.
num_inconsistent_stats: 0.

CodeHeap 'non-profiled nmethods': size=119168Kb used=68Kb max_used=68Kb free=119099Kb
 bounds [0x0000012f2e4b0000, 0x0000012f2e720000, 0x0000012f35910000]
CodeHeap 'profiled nmethods': size=119104Kb used=245Kb max_used=245Kb free=118858Kb
 bounds [0x0000012f26910000, 0x0000012f26b80000, 0x0000012f2dd60000]
CodeHeap 'non-nmethods': size=7488Kb used=2789Kb max_used=2804Kb free=4698Kb
 bounds [0x0000012f2dd60000, 0x0000012f2e020000, 0x0000012f2e4b0000]
 total_blobs=585 nmethods=209 adapters=286
 compilation: enabled
              stopped_count=0, restarted_count=0
 full_count=0

Compilation events (20 events):
Event: 0.936 Thread 0x0000012f4c8cde90 nmethod 199 0x0000012f2e4bdc90 code [0x0000012f2e4bde00, 0x0000012f2e4bde78]
Event: 0.936 Thread 0x0000012f4c8cde90  201       4       java.util.ArrayDeque::peek (5 bytes)
Event: 0.936 Thread 0x0000012f4b819de0 nmethod 200 0x0000012f2e4bdf90 code [0x0000012f2e4be100, 0x0000012f2e4be178]
Event: 0.936 Thread 0x0000012f4b819de0  202       4       java.util.ArrayDeque::add (7 bytes)
Event: 0.937 Thread 0x0000012f4c8cde90 nmethod 201 0x0000012f2e4be290 code [0x0000012f2e4be400, 0x0000012f2e4be4b8]
Event: 0.937 Thread 0x0000012f4c8cde90  203       4       OrphanScout::<init> (20 bytes)
Event: 0.937 Thread 0x0000012f4c8cde90 nmethod 203 0x0000012f2e4be590 code [0x0000012f2e4be700, 0x0000012f2e4be778]
Event: 0.938 Thread 0x0000012f4c8cde90  204       4       java.util.ArrayDeque::addLast (51 bytes)
Event: 0.938 Thread 0x0000012f4b819de0 nmethod 202 0x0000012f2e4be890 code [0x0000012f2e4bea20, 0x0000012f2e4bec68]
Event: 0.941 Thread 0x0000012f4c8cde90 nmethod 204 0x0000012f2e4bee10 code [0x0000012f2e4befa0, 0x0000012f2e4bf1e8]
Event: 0.944 Thread 0x0000012f4c8cde90  205 %     4       java.util.ArrayDeque::grow @ 145 (165 bytes)
Event: 0.947 Thread 0x0000012f4c8cde90 nmethod 205% 0x0000012f2e4bf390 code [0x0000012f2e4bf500, 0x0000012f2e4bf658]
Event: 0.950 Thread 0x0000012f4c8cde90  206       4       java.util.ArrayDeque::grow (165 bytes)
Event: 0.956 Thread 0x0000012f4c770720  207 %     3       CookieMonster::queueCookies @ 44 (200 bytes)
Event: 0.957 Thread 0x0000012f4c770720 nmethod 207% 0x0000012f26949090 code [0x0000012f269493a0, 0x0000012f2694a9c8]
Event: 0.958 Thread 0x0000012f4c770720  208       3       CookieMonster::queueCookies (200 bytes)
Event: 0.962 Thread 0x0000012f4c770720 nmethod 208 0x0000012f2694b410 code [0x0000012f2694b700, 0x0000012f2694cbe8]
Event: 0.963 Thread 0x0000012f4c8cde90 nmethod 206 0x0000012f2e4bf790 code [0x0000012f2e4bf920, 0x0000012f2e4bfe78]
Event: 0.963 Thread 0x0000012f4b819de0  209 %     4       CookieMonster::queueCookies @ 44 (200 bytes)
Event: 0.974 Thread 0x0000012f4b819de0 nmethod 209% 0x0000012f2e4c0110 code [0x0000012f2e4c02e0, 0x0000012f2e4c0b58]

GC Heap History (17 events):
Event: 0.983 GC heap before
{Heap before GC invocations=0 (full 0):
 garbage-first heap   total 520192K, used 28672K [0x0000000605000000, 0x0000000800000000)
  region size 4096K, 6 young (24576K), 0 survivors (0K)
 Metaspace       used 576K, committed 768K, reserved 1114112K
  class space    used 43K, committed 128K, reserved 1048576K
}
Event: 1.004 GC heap after
{Heap after GC invocations=1 (full 0):
 garbage-first heap   total 520192K, used 26634K [0x0000000605000000, 0x0000000800000000)
  region size 4096K, 1 young (4096K), 1 survivors (4096K)
 Metaspace       used 576K, committed 768K, reserved 1114112K
  class space    used 43K, committed 128K, reserved 1048576K
}
Event: 1.028 GC heap before
{Heap before GC invocations=1 (full 0):
 garbage-first heap   total 520192K, used 63498K [0x0000000605000000, 0x0000000800000000)
  region size 4096K, 6 young (24576K), 1 survivors (4096K)
 Metaspace       used 576K, committed 768K, reserved 1114112K
  class space    used 43K, committed 128K, reserved 1048576K
}
Event: 1.046 GC heap after
{Heap after GC invocations=2 (full 0):
 garbage-first heap   total 520192K, used 64990K [0x0000000605000000, 0x0000000800000000)
  region size 4096K, 1 young (4096K), 1 survivors (4096K)
 Metaspace       used 576K, committed 768K, reserved 1114112K
  class space    used 43K, committed 128K, reserved 1048576K
}
Event: 1.065 GC heap before
{Heap before GC invocations=2 (full 0):
 garbage-first heap   total 520192K, used 97758K [0x0000000605000000, 0x0000000800000000)
  region size 4096K, 6 young (24576K), 1 survivors (4096K)
 Metaspace       used 576K, committed 768K, reserved 1114112K
  class space    used 43K, committed 128K, reserved 1048576K
}
Event: 1.081 GC heap after
{Heap after GC invocations=3 (full 0):
 garbage-first heap   total 520192K, used 99878K [0x0000000605000000, 0x0000000800000000)
  region size 4096K, 1 young (4096K), 1 survivors (4096K)
 Metaspace       used 576K, committed 768K, reserved 1114112K
  class space    used 43K, committed 128K, reserved 1048576K
}
Event: 1.102 GC heap before
{Heap before GC invocations=3 (full 0):
 garbage-first heap   total 520192K, used 136742K [0x0000000605000000, 0x0000000800000000)
  region size 4096K, 6 young (24576K), 1 survivors (4096K)
 Metaspace       used 576K, committed 768K, reserved 1114112K
  class space    used 43K, committed 128K, reserved 1048576K
}
Event: 1.118 GC heap after
{Heap after GC invocations=4 (full 0):
 garbage-first heap   total 520192K, used 138845K [0x0000000605000000, 0x0000000800000000)
  region size 4096K, 1 young (4096K), 1 survivors (4096K)
 Metaspace       used 576K, committed 768K, reserved 1114112K
  class space    used 43K, committed 128K, reserved 1048576K
}
Event: 1.150 GC heap before
{Heap before GC invocations=4 (full 0):
 garbage-first heap   total 520192K, used 192093K [0x0000000605000000, 0x0000000800000000)
  region size 4096K, 8 young (32768K), 1 survivors (4096K)
 Metaspace       used 576K, committed 768K, reserved 1114112K
  class space    used 43K, committed 128K, reserved 1048576K
}
Event: 1.173 GC heap after
{Heap after GC invocations=5 (full 0):
 garbage-first heap   total 1560576K, used 194547K [0x0000000605000000, 0x0000000800000000)
  region size 4096K, 1 young (4096K), 1 survivors (4096K)
 Metaspace       used 576K, committed 768K, reserved 1114112K
  class space    used 43K, committed 128K, reserved 1048576K
}
Event: 1.252 GC heap before
{Heap before GC invocations=5 (full 0):
 garbage-first heap   total 1560576K, used 305139K [0x0000000605000000, 0x0000000800000000)
  region size 4096K, 19 young (77824K), 1 survivors (4096K)
 Metaspace       used 576K, committed 768K, reserved 1114112K
  class space    used 43K, committed 128K, reserved 1048576K
}
Event: 1.290 GC heap after
{Heap after GC invocations=6 (full 0):
 garbage-first heap   total 1560576K, used 307532K [0x0000000605000000, 0x0000000800000000)
  region size 4096K, 3 young (12288K), 3 survivors (12288K)
 Metaspace       used 576K, committed 768K, reserved 1114112K
  class space    used 43K, committed 128K, reserved 1048576K
}
Event: 1.362 GC heap before
{Heap before GC invocations=6 (full 0):
 garbage-first heap   total 1560576K, used 430412K [0x0000000605000000, 0x0000000800000000)
  region size 4096K, 19 young (77824K), 3 survivors (12288K)
 Metaspace       used 576K, committed 768K, reserved 1114112K
  class space    used 43K, committed 128K, reserved 1048576K
}
Event: 1.399 GC heap after
{Heap after GC invocations=7 (full 0):
 garbage-first heap   total 1560576K, used 438272K [0x0000000605000000, 0x0000000800000000)
  region size 4096K, 3 young (12288K), 3 survivors (12288K)
 Metaspace       used 576K, committed 768K, reserved 1114112K
  class space    used 43K, committed 128K, reserved 1048576K
}
Event: 1.435 GC heap before
{Heap before GC invocations=7 (full 0):
 garbage-first heap   total 1560576K, used 503808K [0x0000000605000000, 0x0000000800000000)
  region size 4096K, 19 young (77824K), 3 survivors (12288K)
 Metaspace       used 576K, committed 768K, reserved 1114112K
  class space    used 43K, committed 128K, reserved 1048576K
}
Event: 1.463 GC heap after
{Heap after GC invocations=8 (full 0):
 garbage-first heap   total 1560576K, used 511057K [0x0000000605000000, 0x0000000800000000)
  region size 4096K, 3 young (12288K), 3 survivors (12288K)
 Metaspace       used 576K, committed 768K, reserved 1114112K
  class space    used 43K, committed 128K, reserved 1048576K
}
Event: 1.549 GC heap before
{Heap before GC invocations=8 (full 0):
 garbage-first heap   total 1560576K, used 662609K [0x0000000605000000, 0x0000000800000000)
  region size 4096K, 19 young (77824K), 3 survivors (12288K)
 Metaspace       used 576K, committed 768K, reserved 1114112K
  class space    used 43K, committed 128K, reserved 1048576K
}

Deoptimization events (2 events):
Event: 0.974 Thread 0x0000012f1f053200 DEOPT PACKING pc=0x0000012f2694a64e sp=0x0000000b949ff6d0
Event: 0.974 Thread 0x0000012f1f053200 DEOPT UNPACKING pc=0x0000012f2ddb2b43 sp=0x0000000b949febf0 mode 0

Classes unloaded (0 events):
No events

Classes redefined (0 events):
No events

Internal exceptions (0 events):
No events

VM Operations (17 events):
Event: 0.983 Executing VM operation: G1CollectForAllocation
Event: 1.004 Executing VM operation: G1CollectForAllocation done
Event: 1.028 Executing VM operation: G1CollectForAllocation
Event: 1.046 Executing VM operation: G1CollectForAllocation done
Event: 1.065 Executing VM operation: G1CollectForAllocation
Event: 1.081 Executing VM operation: G1CollectForAllocation done
Event: 1.102 Executing VM operation: G1CollectForAllocation
Event: 1.118 Executing VM operation: G1CollectForAllocation done
Event: 1.150 Executing VM operation: G1CollectForAllocation
Event: 1.173 Executing VM operation: G1CollectForAllocation done
Event: 1.252 Executing VM operation: G1CollectForAllocation
Event: 1.290 Executing VM operation: G1CollectForAllocation done
Event: 1.362 Executing VM operation: G1CollectForAllocation
Event: 1.399 Executing VM operation: G1CollectForAllocation done
Event: 1.435 Executing VM operation: G1CollectForAllocation
Event: 1.463 Executing VM operation: G1CollectForAllocation done
Event: 1.548 Executing VM operation: G1CollectForAllocation

Events (20 events):
Event: 0.905 loading class java/nio/channels/Channels done
Event: 0.910 loading class java/nio/channels/spi/AbstractInterruptibleChannel$1
Event: 0.910 loading class sun/nio/ch/Interruptible
Event: 0.910 loading class sun/nio/ch/Interruptible done
Event: 0.910 loading class java/nio/channels/spi/AbstractInterruptibleChannel$1 done
Event: 0.910 loading class sun/nio/ch/NativeThread
Event: 0.910 loading class sun/nio/ch/NativeThread done
Event: 0.910 loading class sun/nio/ch/Util
Event: 0.910 loading class sun/nio/ch/Util done
Event: 0.910 loading class sun/nio/ch/Util$1
Event: 0.911 loading class sun/nio/ch/Util$1 done
Event: 0.911 loading class sun/nio/ch/Util$BufferCache
Event: 0.911 loading class sun/nio/ch/Util$BufferCache done
Event: 0.911 loading class java/nio/DirectByteBuffer$Deallocator
Event: 0.911 loading class java/nio/DirectByteBuffer$Deallocator done
Event: 0.912 loading class sun/nio/ch/IOStatus
Event: 0.912 loading class sun/nio/ch/IOStatus done
Event: 0.912 loading class java/util/regex/Pattern$1
Event: 0.912 loading class java/util/regex/Pattern$1 done
Event: 0.935 Thread 0x0000012f4c8cde90 Thread added: 0x0000012f4c8cde90


Dynamic libraries:
0x00007ff774060000 - 0x00007ff774070000 	C:\Program Files\Java\jdk-17\bin\java.exe
0x00007ffded720000 - 0x00007ffded987000 	C:\WINDOWS\SYSTEM32\ntdll.dll
0x00007ffdec660000 - 0x00007ffdec729000 	C:\WINDOWS\System32\KERNEL32.DLL
0x00007ffdeae00000 - 0x00007ffdeb1ef000 	C:\WINDOWS\System32\KERNELBASE.dll
0x00007ffdeb370000 - 0x00007ffdeb4bb000 	C:\WINDOWS\System32\ucrtbase.dll
0x00007ffdb8cd0000 - 0x00007ffdb8ce9000 	C:\Program Files\Java\jdk-17\bin\jli.dll
0x00007ffded190000 - 0x00007ffded244000 	C:\WINDOWS\System32\ADVAPI32.dll
0x00007ffdec860000 - 0x00007ffdec909000 	C:\WINDOWS\System32\msvcrt.dll
0x00007ffdebd00000 - 0x00007ffdebda6000 	C:\WINDOWS\System32\sechost.dll
0x00007ffdb8c40000 - 0x00007ffdb8c5b000 	C:\Program Files\Java\jdk-17\bin\VCRUNTIME140.dll
0x00007ffdebf40000 - 0x00007ffdec058000 	C:\WINDOWS\System32\RPCRT4.dll
0x00007ffdeccb0000 - 0x00007ffdece75000 	C:\WINDOWS\System32\USER32.dll
0x00007ffdeb290000 - 0x00007ffdeb2b7000 	C:\WINDOWS\System32\win32u.dll
0x00007ffdec630000 - 0x00007ffdec65b000 	C:\WINDOWS\System32\GDI32.dll
0x00007ffdeaa90000 - 0x00007ffdeabbc000 	C:\WINDOWS\System32\gdi32full.dll
0x00007ffdea9e0000 - 0x00007ffdeaa83000 	C:\WINDOWS\System32\msvcp_win.dll
0x00007ffdd1e90000 - 0x00007ffdd2123000 	C:\WINDOWS\WinSxS\amd64_microsoft.windows.common-controls_6595b64144ccf1df_6.0.26100.7309_none_3e05feeae336a044\COMCTL32.dll
0x00007ffdc9770000 - 0x00007ffdc977b000 	C:\WINDOWS\SYSTEM32\VERSION.dll
0x00007ffdecba0000 - 0x00007ffdecbd1000 	C:\WINDOWS\System32\IMM32.DLL
0x00007ffdd7680000 - 0x00007ffdd768c000 	C:\Program Files\Java\jdk-17\bin\vcruntime140_1.dll
0x00007ffdb1970000 - 0x00007ffdb19fe000 	C:\Program Files\Java\jdk-17\bin\msvcp140.dll
0x00007ffceedc0000 - 0x00007ffcef9a0000 	C:\Program Files\Java\jdk-17\bin\server\jvm.dll
0x00007ffdec990000 - 0x00007ffdec998000 	C:\WINDOWS\System32\PSAPI.DLL
0x00007ffdc6b00000 - 0x00007ffdc6b0a000 	C:\WINDOWS\SYSTEM32\WSOCK32.dll
0x00007ffdec060000 - 0x00007ffdec0d4000 	C:\WINDOWS\System32\WS2_32.dll
0x00007ffdd2130000 - 0x00007ffdd2165000 	C:\WINDOWS\SYSTEM32\WINMM.dll
0x00007ffde95e0000 - 0x00007ffde95fb000 	C:\WINDOWS\SYSTEM32\kernel.appcore.dll
0x00007ffdd10e0000 - 0x00007ffdd10ea000 	C:\Program Files\Java\jdk-17\bin\jimage.dll
0x00007ffde79a0000 - 0x00007ffde7be2000 	C:\WINDOWS\SYSTEM32\DBGHELP.DLL
0x00007ffdec2a0000 - 0x00007ffdec625000 	C:\WINDOWS\System32\combase.dll
0x00007ffdebc20000 - 0x00007ffdebcf6000 	C:\WINDOWS\System32\OLEAUT32.dll
0x00007ffdd78e0000 - 0x00007ffdd791c000 	C:\WINDOWS\SYSTEM32\dbgcore.DLL
0x00007ffdeb2c0000 - 0x00007ffdeb365000 	C:\WINDOWS\System32\bcryptPrimitives.dll
0x00007ffdb8b50000 - 0x00007ffdb8b75000 	C:\Program Files\Java\jdk-17\bin\java.dll
0x00007ffda7810000 - 0x00007ffda78e7000 	C:\Program Files\Java\jdk-17\bin\jsvml.dll
0x00007ffdeb4c0000 - 0x00007ffdebc13000 	C:\WINDOWS\System32\SHELL32.dll
0x00007ffdea870000 - 0x00007ffdea9da000 	C:\WINDOWS\System32\wintypes.dll
0x00007ffde8430000 - 0x00007ffde8c8e000 	C:\WINDOWS\SYSTEM32\windows.storage.dll
0x00007ffdec730000 - 0x00007ffdec825000 	C:\WINDOWS\System32\SHCORE.dll
0x00007ffdec230000 - 0x00007ffdec296000 	C:\WINDOWS\System32\shlwapi.dll
0x00007ffdea790000 - 0x00007ffdea7b9000 	C:\WINDOWS\SYSTEM32\profapi.dll
0x00007ffdb8210000 - 0x00007ffdb8229000 	C:\Program Files\Java\jdk-17\bin\net.dll
0x00007ffde39f0000 - 0x00007ffde3b18000 	C:\WINDOWS\SYSTEM32\WINHTTP.dll
0x00007ffde9b30000 - 0x00007ffde9b9b000 	C:\WINDOWS\system32\mswsock.dll
0x00007ffdb7c30000 - 0x00007ffdb7c46000 	C:\Program Files\Java\jdk-17\bin\nio.dll

dbghelp: loaded successfully - version: 4.0.5 - missing functions: none
symbol engine: initialized successfully - sym options: 0x614 - pdb path: .;C:\Program Files\Java\jdk-17\bin;C:\WINDOWS\SYSTEM32;C:\WINDOWS\WinSxS\amd64_microsoft.windows.common-controls_6595b64144ccf1df_6.0.26100.7309_none_3e05feeae336a044;C:\Program Files\Java\jdk-17\bin\server

VM Arguments:
jvm_args: -XX:+ShowCodeDetailsInExceptionMessages 
java_command: CookieMonsterTester
java_class_path (initial): C:\Users\Matti\AppData\Roaming\Code\User\workspaceStorage\72c80f55180040a57d4df36b248b2065\redhat.java\jdt_ws\CookieMonster_598bb8f7\bin
Launcher Type: SUN_STANDARD

[Global flags]
     intx CICompilerCount                          = 12                                        {product} {ergonomic}
     uint ConcGCThreads                            = 4                                         {product} {ergonomic}
     uint G1ConcRefinementThreads                  = 16                                        {product} {ergonomic}
   size_t G1HeapRegionSize                         = 4194304                                   {product} {ergonomic}
    uintx GCDrainStackTargetSize                   = 64                                        {product} {ergonomic}
   size_t InitialHeapSize                          = 532676608                                 {product} {ergonomic}
   size_t MarkStackSize                            = 4194304                                   {product} {ergonomic}
   size_t MaxHeapSize                              = 8506048512                                {product} {ergonomic}
   size_t MaxNewSize                               = 5100273664                                {product} {ergonomic}
   size_t MinHeapDeltaBytes                        = 4194304                                   {product} {ergonomic}
   size_t MinHeapSize                              = 8388608                                   {product} {ergonomic}
    uintx NonNMethodCodeHeapSize                   = 7602480                                {pd product} {ergonomic}
    uintx NonProfiledCodeHeapSize                  = 122027880                              {pd product} {ergonomic}
    uintx ProfiledCodeHeapSize                     = 122027880                              {pd product} {ergonomic}
    uintx ReservedCodeCacheSize                    = 251658240                              {pd product} {ergonomic}
     bool SegmentedCodeCache                       = true                                      {product} {ergonomic}
     bool ShowCodeDetailsInExceptionMessages       = true                                   {manageable} {command line}
   size_t SoftMaxHeapSize                          = 8506048512                             {manageable} {ergonomic}
     bool UseCompressedClassPointers               = true                           {product lp64_product} {ergonomic}
     bool UseCompressedOops                        = true                           {product lp64_product} {ergonomic}
     bool UseG1GC                                  = true                                      {product} {ergonomic}
     bool UseLargePagesIndividualAllocation        = false                                  {pd product} {ergonomic}

Logging:
Log output configuration:
 #0: stdout all=warning uptime,level,tags
 #1: stderr all=off uptime,level,tags

Environment Variables:
PATH=c:\Users\Matti\AppData\Local\Programs\cursor\resources\app\bin;C:\Program Files\Common Files\Oracle\Java\javapath;C:\WINDOWS\system32;C:\WINDOWS;C:\WINDOWS\System32\Wbem;C:\WINDOWS\System32\WindowsPowerShell\v1.0\;C:\WINDOWS\System32\OpenSSH\;C:\Program Files\Git\cmd;C:\Program Files\Azure Data Studio\bin;C:\Program Files\Docker\Docker\resources\bin;C:\Program Files (x86)\Microsoft SQL Server\160\Tools\Binn\;C:\Program Files\Microsoft SQL Server\160\Tools\Binn\;C:\Program Files\Microsoft SQL Server\Client SDK\ODBC\170\Tools\Binn\;C:\Program Files\Microsoft SQL Server\160\DTS\Binn\;C:\Program Files (x86)\Microsoft SQL Server\160\DTS\Binn\;C:\Program Files\Tailscale\;C:\Program Files\PuTTY\;C:\Users\Matti\AppData\Local\Microsoft\WindowsApps;C:\Users\Matti\AppData\Local\GitHubDesktop\bin;C:\Users\Matti\Downloads\flutter_windows_3.24.2-stable\flutter\bin;;C:\Program Files\Azure Data Studio\bin;C:\Users\Matti\AppData\Local\Programs\cursor\resources\app\bin;c:\Users\Matti\AppData\Local\Programs\cursor\resources\app;c:\Users\Matti\AppData\Local\Programs\cursor\resources\app\bin;C:\Program Files\nodejs\;C:\ProgramData\chocolatey\bin;C:\Program Files (x86)\cloudflared\;C:\Program Files (x86)\Windows Kits\10\Windows Performance Toolkit\;C:\Program Files\dotnet\;C:\Program Files (x86)\Keyman\Keyman Developer\;C:\Users\Matti\AppData\Local\Microsoft\WindowsApps;C:\Users\Matti\AppData\Local\Programs\Microsoft VS Code\bin;C:\Users\Matti\AppData\Local\GitHubDesktop\bin;C:\Users\Matti\Downloads\flutter_windows_3.24.2-stable\flutter\bin;;C:\Program Files\Azure Data Studio\bin;C:\Users\Matti\AppData\Local\Programs\cursor\resources\app\bin;C:\Users\Matti\AppData\Roaming\npm;C:\Users\Matti\AppData\Local\Programs\Antigravity\bin;c:\Users\Matti\.vscode\extensions\vscjava.vscode-java-debug-0.58.5\bundled\scripts\noConfigScripts
USERNAME=Matti
LANG=en_US.UTF-8
OS=Windows_NT
PROCESSOR_IDENTIFIER=Intel64 Family 6 Model 170 Stepping 4, GenuineIntel



---------------  S Y S T E M  ---------------

OS:
 Windows 11 , 64 bit Build 26100 (10.0.26100.7309)
OS uptime: 6 days 2:41 hours
Hyper-V role detected

CPU: total 22 (initial active 22) (11 cores per cpu, 2 threads per core) family 6 model 170 stepping 4 microcode 0x1a, cx8, cmov, fxsr, ht, mmx, 3dnowpref, sse, sse2, sse3, ssse3, sse4.1, sse4.2, popcnt, lzcnt, tsc, tscinvbit, avx, avx2, aes, erms, clmul, bmi1, bmi2, adx, sha, fma, vzeroupper, clflush, clflushopt, clwb, hv

Memory: 4k page, system-wide physical 32432M (13299M free)
TotalPageFile size 32432M (AvailPageFile size 1205M)
current process WorkingSet (physical memory assigned to process): 741M, peak: 741M
current process commit charge ("private bytes"): 1683M, peak: 4319M

vm_info: Java HotSpot(TM) 64-Bit Server VM (17.0.12+8-LTS-286) for windows-amd64 JRE (17.0.12+8-LTS-286), built on Jun  5 2024 06:46:59 by "mach5one" with MS VC++ 17.6 (VS2022)

END.
